2026-03-19 14:15:48,585 - INFO - ================================================================================
2026-03-19 14:15:48,585 - INFO - INICIANDO PROCESO DE IMPORTACIÓN DE PRECIOS
2026-03-19 14:15:48,585 - INFO - ================================================================================
2026-03-19 14:15:48,585 - INFO - Buscando archivo Excel...
2026-03-19 14:15:48,585 - INFO - Directorio del script: C:\Convertidor\SAP\SAP_ITM1
2026-03-19 14:15:48,585 - INFO - Archivos Excel encontrados: ITM1.xlsx
2026-03-19 14:15:48,585 - INFO - Leyendo archivo: C:\Convertidor\SAP\SAP_ITM1\ITM1.xlsx
2026-03-19 14:15:51,146 - INFO - Registros encontrados: 31293
2026-03-19 14:15:51,146 - INFO - Columnas: PriceList, ItemCode, Price, Currency
2026-03-19 14:15:51,146 - INFO - Conectando a SQL Server...
2026-03-19 14:15:51,997 - INFO - ✓ Conexión establecida exitosamente
2026-03-19 14:15:52,065 - INFO - Procesando 31293 registros de precios...
2026-03-19 14:16:06,882 - INFO - Progreso: 100/31293 (0.3%) - Insertados: 25, Actualizados: 75
2026-03-19 14:16:21,729 - INFO - Progreso: 200/31293 (0.6%) - Insertados: 46, Actualizados: 154
2026-03-19 14:16:36,602 - INFO - Progreso: 300/31293 (1.0%) - Insertados: 67, Actualizados: 233
2026-03-19 14:16:51,433 - INFO - Progreso: 400/31293 (1.3%) - Insertados: 91, Actualizados: 309
2026-03-19 14:17:06,242 - INFO - Progreso: 500/31293 (1.6%) - Insertados: 115, Actualizados: 385
2026-03-19 14:17:21,034 - INFO - Progreso: 600/31293 (1.9%) - Insertados: 138, Actualizados: 462
2026-03-19 14:17:35,862 - INFO - Progreso: 700/31293 (2.2%) - Insertados: 162, Actualizados: 538
2026-03-19 14:17:50,813 - INFO - Progreso: 800/31293 (2.6%) - Insertados: 184, Actualizados: 616
2026-03-19 14:18:05,521 - INFO - Progreso: 900/31293 (2.9%) - Insertados: 212, Actualizados: 688
2026-03-19 14:18:20,326 - INFO - Progreso: 1000/31293 (3.2%) - Insertados: 232, Actualizados: 768
2026-03-19 14:18:35,362 - INFO - Progreso: 1100/31293 (3.5%) - Insertados: 256, Actualizados: 844
2026-03-19 14:18:50,333 - INFO - Progreso: 1200/31293 (3.8%) - Insertados: 280, Actualizados: 920
2026-03-19 14:19:05,157 - INFO - Progreso: 1300/31293 (4.2%) - Insertados: 305, Actualizados: 995
2026-03-19 14:19:20,047 - INFO - Progreso: 1400/31293 (4.5%) - Insertados: 325, Actualizados: 1075
2026-03-19 14:19:34,973 - INFO - Progreso: 1500/31293 (4.8%) - Insertados: 352, Actualizados: 1148
2026-03-19 14:19:49,834 - INFO - Progreso: 1600/31293 (5.1%) - Insertados: 377, Actualizados: 1223
2026-03-19 14:20:04,653 - INFO - Progreso: 1700/31293 (5.4%) - Insertados: 404, Actualizados: 1296
2026-03-19 14:20:19,673 - INFO - Progreso: 1800/31293 (5.8%) - Insertados: 427, Actualizados: 1373
2026-03-19 14:20:34,923 - INFO - Progreso: 1900/31293 (6.1%) - Insertados: 447, Actualizados: 1453
2026-03-19 14:20:49,843 - INFO - Progreso: 2000/31293 (6.4%) - Insertados: 465, Actualizados: 1535
2026-03-19 14:21:04,758 - INFO - Progreso: 2100/31293 (6.7%) - Insertados: 482, Actualizados: 1618
2026-03-19 14:21:19,677 - INFO - Progreso: 2200/31293 (7.0%) - Insertados: 501, Actualizados: 1699
2026-03-19 14:21:34,477 - INFO - Progreso: 2300/31293 (7.3%) - Insertados: 520, Actualizados: 1780
2026-03-19 14:21:49,340 - INFO - Progreso: 2400/31293 (7.7%) - Insertados: 536, Actualizados: 1864
2026-03-19 14:22:04,301 - INFO - Progreso: 2500/31293 (8.0%) - Insertados: 550, Actualizados: 1950
2026-03-19 14:22:23,551 - INFO - Progreso: 2600/31293 (8.3%) - Insertados: 567, Actualizados: 2033
2026-03-19 14:22:38,461 - INFO - Progreso: 2700/31293 (8.6%) - Insertados: 586, Actualizados: 2114
2026-03-19 14:22:53,629 - INFO - Progreso: 2800/31293 (8.9%) - Insertados: 607, Actualizados: 2193
2026-03-19 14:23:08,901 - INFO - Progreso: 2900/31293 (9.3%) - Insertados: 611, Actualizados: 2289
2026-03-19 14:23:24,026 - INFO - Progreso: 3000/31293 (9.6%) - Insertados: 612, Actualizados: 2388
2026-03-19 14:23:39,193 - INFO - Progreso: 3100/31293 (9.9%) - Insertados: 613, Actualizados: 2487
2026-03-19 14:23:54,392 - INFO - Progreso: 3200/31293 (10.2%) - Insertados: 615, Actualizados: 2585
2026-03-19 14:24:09,612 - INFO - Progreso: 3300/31293 (10.5%) - Insertados: 615, Actualizados: 2685
2026-03-19 14:24:24,791 - INFO - Progreso: 3400/31293 (10.9%) - Insertados: 617, Actualizados: 2783
2026-03-19 14:24:39,926 - INFO - Progreso: 3500/31293 (11.2%) - Insertados: 620, Actualizados: 2880
2026-03-19 14:24:55,311 - INFO - Progreso: 3600/31293 (11.5%) - Insertados: 620, Actualizados: 2980
2026-03-19 14:25:10,662 - INFO - Progreso: 3700/31293 (11.8%) - Insertados: 620, Actualizados: 3080
2026-03-19 14:25:26,259 - INFO - Progreso: 3800/31293 (12.1%) - Insertados: 620, Actualizados: 3180
2026-03-19 14:25:41,903 - INFO - Progreso: 3900/31293 (12.5%) - Insertados: 620, Actualizados: 3280
2026-03-19 14:25:57,662 - INFO - Progreso: 4000/31293 (12.8%) - Insertados: 621, Actualizados: 3379
2026-03-19 14:26:13,326 - INFO - Progreso: 4100/31293 (13.1%) - Insertados: 621, Actualizados: 3479
2026-03-19 14:26:29,109 - INFO - Progreso: 4200/31293 (13.4%) - Insertados: 622, Actualizados: 3578
2026-03-19 14:26:44,861 - INFO - Progreso: 4300/31293 (13.7%) - Insertados: 622, Actualizados: 3678
2026-03-19 14:27:00,620 - INFO - Progreso: 4400/31293 (14.1%) - Insertados: 622, Actualizados: 3778
2026-03-19 14:27:16,212 - INFO - Progreso: 4500/31293 (14.4%) - Insertados: 623, Actualizados: 3877
2026-03-19 14:27:31,864 - INFO - Progreso: 4600/31293 (14.7%) - Insertados: 624, Actualizados: 3976
2026-03-19 14:27:47,595 - INFO - Progreso: 4700/31293 (15.0%) - Insertados: 624, Actualizados: 4076
2026-03-19 14:28:08,004 - INFO - Progreso: 4800/31293 (15.3%) - Insertados: 625, Actualizados: 4175
2026-03-19 14:28:23,670 - INFO - Progreso: 4900/31293 (15.7%) - Insertados: 629, Actualizados: 4271
2026-03-19 14:28:39,489 - INFO - Progreso: 5000/31293 (16.0%) - Insertados: 629, Actualizados: 4371
2026-03-19 14:28:55,072 - INFO - Progreso: 5100/31293 (16.3%) - Insertados: 629, Actualizados: 4471
2026-03-19 14:29:20,439 - INFO - Progreso: 5200/31293 (16.6%) - Insertados: 629, Actualizados: 4571
2026-03-19 14:29:35,979 - INFO - Progreso: 5300/31293 (16.9%) - Insertados: 630, Actualizados: 4670
2026-03-19 14:29:51,527 - INFO - Progreso: 5400/31293 (17.3%) - Insertados: 631, Actualizados: 4769
2026-03-19 14:30:07,004 - INFO - Progreso: 5500/31293 (17.6%) - Insertados: 633, Actualizados: 4867
2026-03-19 14:30:22,688 - INFO - Progreso: 5600/31293 (17.9%) - Insertados: 634, Actualizados: 4966
2026-03-19 14:30:38,196 - INFO - Progreso: 5700/31293 (18.2%) - Insertados: 641, Actualizados: 5059
2026-03-19 14:30:53,824 - INFO - Progreso: 5800/31293 (18.5%) - Insertados: 641, Actualizados: 5159
2026-03-19 14:31:09,460 - INFO - Progreso: 5900/31293 (18.9%) - Insertados: 642, Actualizados: 5258
2026-03-19 14:31:25,043 - INFO - Progreso: 6000/31293 (19.2%) - Insertados: 642, Actualizados: 5358
2026-03-19 14:31:40,631 - INFO - Progreso: 6100/31293 (19.5%) - Insertados: 642, Actualizados: 5458
2026-03-19 14:31:56,319 - INFO - Progreso: 6200/31293 (19.8%) - Insertados: 644, Actualizados: 5556
2026-03-19 14:32:11,850 - INFO - Progreso: 6300/31293 (20.1%) - Insertados: 650, Actualizados: 5650
2026-03-19 14:32:27,660 - INFO - Progreso: 6400/31293 (20.5%) - Insertados: 653, Actualizados: 5747
2026-03-19 14:32:44,674 - INFO - Progreso: 6500/31293 (20.8%) - Insertados: 653, Actualizados: 5847
2026-03-19 14:33:01,099 - INFO - Progreso: 6600/31293 (21.1%) - Insertados: 653, Actualizados: 5947
2026-03-19 14:33:16,796 - INFO - Progreso: 6700/31293 (21.4%) - Insertados: 654, Actualizados: 6046
2026-03-19 14:33:32,338 - INFO - Progreso: 6800/31293 (21.7%) - Insertados: 655, Actualizados: 6145
2026-03-19 14:33:47,793 - INFO - Progreso: 6900/31293 (22.0%) - Insertados: 655, Actualizados: 6245
2026-03-19 14:34:03,096 - INFO - Progreso: 7000/31293 (22.4%) - Insertados: 655, Actualizados: 6345
2026-03-19 14:34:18,354 - INFO - Progreso: 7100/31293 (22.7%) - Insertados: 664, Actualizados: 6436
2026-03-19 14:34:33,700 - INFO - Progreso: 7200/31293 (23.0%) - Insertados: 667, Actualizados: 6533
2026-03-19 14:34:49,483 - INFO - Progreso: 7300/31293 (23.3%) - Insertados: 677, Actualizados: 6623
2026-03-19 14:35:05,791 - INFO - Progreso: 7400/31293 (23.6%) - Insertados: 678, Actualizados: 6722
2026-03-19 14:35:21,290 - INFO - Progreso: 7500/31293 (24.0%) - Insertados: 678, Actualizados: 6822
2026-03-19 14:35:36,643 - INFO - Progreso: 7600/31293 (24.3%) - Insertados: 679, Actualizados: 6921
2026-03-19 14:35:51,936 - INFO - Progreso: 7700/31293 (24.6%) - Insertados: 681, Actualizados: 7019
2026-03-19 14:36:07,299 - INFO - Progreso: 7800/31293 (24.9%) - Insertados: 681, Actualizados: 7119
2026-03-19 14:36:22,590 - INFO - Progreso: 7900/31293 (25.2%) - Insertados: 681, Actualizados: 7219
2026-03-19 14:36:37,880 - INFO - Progreso: 8000/31293 (25.6%) - Insertados: 683, Actualizados: 7317
2026-03-19 14:36:53,260 - INFO - Progreso: 8100/31293 (25.9%) - Insertados: 683, Actualizados: 7417
2026-03-19 14:37:08,382 - INFO - Progreso: 8200/31293 (26.2%) - Insertados: 695, Actualizados: 7505
2026-03-19 14:37:23,671 - INFO - Progreso: 8300/31293 (26.5%) - Insertados: 700, Actualizados: 7600
2026-03-19 14:37:39,088 - INFO - Progreso: 8400/31293 (26.8%) - Insertados: 701, Actualizados: 7699
2026-03-19 14:37:54,370 - INFO - Progreso: 8500/31293 (27.2%) - Insertados: 701, Actualizados: 7799
2026-03-19 14:38:09,852 - INFO - Progreso: 8600/31293 (27.5%) - Insertados: 701, Actualizados: 7899
2026-03-19 14:38:25,545 - INFO - Progreso: 8700/31293 (27.8%) - Insertados: 701, Actualizados: 7999
2026-03-19 14:38:40,976 - INFO - Progreso: 8800/31293 (28.1%) - Insertados: 702, Actualizados: 8098
2026-03-19 14:38:56,381 - INFO - Progreso: 8900/31293 (28.4%) - Insertados: 702, Actualizados: 8198
2026-03-19 14:39:11,803 - INFO - Progreso: 9000/31293 (28.8%) - Insertados: 702, Actualizados: 8298
2026-03-19 14:39:36,471 - INFO - Progreso: 9100/31293 (29.1%) - Insertados: 706, Actualizados: 8394
2026-03-19 14:39:51,967 - INFO - Progreso: 9200/31293 (29.4%) - Insertados: 706, Actualizados: 8494
2026-03-19 14:40:07,411 - INFO - Progreso: 9300/31293 (29.7%) - Insertados: 706, Actualizados: 8594
2026-03-19 14:40:22,981 - INFO - Progreso: 9400/31293 (30.0%) - Insertados: 707, Actualizados: 8693
2026-03-19 14:40:38,451 - INFO - Progreso: 9500/31293 (30.4%) - Insertados: 707, Actualizados: 8793
2026-03-19 14:40:53,841 - INFO - Progreso: 9600/31293 (30.7%) - Insertados: 707, Actualizados: 8893
2026-03-19 14:41:09,227 - INFO - Progreso: 9700/31293 (31.0%) - Insertados: 707, Actualizados: 8993
2026-03-19 14:41:24,663 - INFO - Progreso: 9800/31293 (31.3%) - Insertados: 708, Actualizados: 9092
2026-03-19 14:41:40,240 - INFO - Progreso: 9900/31293 (31.6%) - Insertados: 709, Actualizados: 9191
2026-03-19 14:41:55,789 - INFO - Progreso: 10000/31293 (32.0%) - Insertados: 710, Actualizados: 9290
2026-03-19 14:42:12,112 - INFO - Progreso: 10100/31293 (32.3%) - Insertados: 712, Actualizados: 9388
2026-03-19 14:42:27,776 - INFO - Progreso: 10200/31293 (32.6%) - Insertados: 712, Actualizados: 9488
2026-03-19 14:42:43,328 - INFO - Progreso: 10300/31293 (32.9%) - Insertados: 712, Actualizados: 9588
2026-03-19 14:42:58,721 - INFO - Progreso: 10400/31293 (33.2%) - Insertados: 712, Actualizados: 9688
2026-03-19 14:43:14,064 - INFO - Progreso: 10500/31293 (33.6%) - Insertados: 712, Actualizados: 9788
2026-03-19 14:43:29,438 - INFO - Progreso: 10600/31293 (33.9%) - Insertados: 713, Actualizados: 9887
2026-03-19 14:43:44,800 - INFO - Progreso: 10700/31293 (34.2%) - Insertados: 713, Actualizados: 9987
2026-03-19 14:44:00,174 - INFO - Progreso: 10800/31293 (34.5%) - Insertados: 713, Actualizados: 10087
2026-03-19 14:44:15,537 - INFO - Progreso: 10900/31293 (34.8%) - Insertados: 716, Actualizados: 10184
2026-03-19 14:44:30,905 - INFO - Progreso: 11000/31293 (35.2%) - Insertados: 716, Actualizados: 10284
2026-03-19 14:44:46,829 - INFO - Progreso: 11100/31293 (35.5%) - Insertados: 716, Actualizados: 10384
2026-03-19 14:45:02,461 - INFO - Progreso: 11200/31293 (35.8%) - Insertados: 717, Actualizados: 10483
2026-03-19 14:45:18,222 - INFO - Progreso: 11300/31293 (36.1%) - Insertados: 717, Actualizados: 10583
2026-03-19 14:45:33,866 - INFO - Progreso: 11400/31293 (36.4%) - Insertados: 718, Actualizados: 10682
2026-03-19 14:45:49,711 - INFO - Progreso: 11500/31293 (36.7%) - Insertados: 718, Actualizados: 10782
2026-03-19 14:46:05,435 - INFO - Progreso: 11600/31293 (37.1%) - Insertados: 718, Actualizados: 10882
2026-03-19 14:46:21,163 - INFO - Progreso: 11700/31293 (37.4%) - Insertados: 719, Actualizados: 10981
2026-03-19 14:46:36,730 - INFO - Progreso: 11800/31293 (37.7%) - Insertados: 721, Actualizados: 11079
2026-03-19 14:46:52,439 - INFO - Progreso: 11900/31293 (38.0%) - Insertados: 722, Actualizados: 11178
2026-03-19 14:47:07,894 - INFO - Progreso: 12000/31293 (38.3%) - Insertados: 729, Actualizados: 11271
2026-03-19 14:47:23,539 - INFO - Progreso: 12100/31293 (38.7%) - Insertados: 732, Actualizados: 11368
2026-03-19 14:47:39,144 - INFO - Progreso: 12200/31293 (39.0%) - Insertados: 732, Actualizados: 11468
2026-03-19 14:47:54,708 - INFO - Progreso: 12300/31293 (39.3%) - Insertados: 732, Actualizados: 11568
2026-03-19 14:48:10,901 - INFO - Progreso: 12400/31293 (39.6%) - Insertados: 733, Actualizados: 11667
2026-03-19 14:48:26,858 - INFO - Progreso: 12500/31293 (39.9%) - Insertados: 733, Actualizados: 11767
2026-03-19 14:48:43,360 - INFO - Progreso: 12600/31293 (40.3%) - Insertados: 738, Actualizados: 11862
2026-03-19 14:48:59,421 - INFO - Progreso: 12700/31293 (40.6%) - Insertados: 743, Actualizados: 11957
2026-03-19 14:49:15,231 - INFO - Progreso: 12800/31293 (40.9%) - Insertados: 750, Actualizados: 12050
2026-03-19 14:49:32,710 - INFO - Progreso: 12900/31293 (41.2%) - Insertados: 754, Actualizados: 12146
2026-03-19 14:49:49,130 - INFO - Progreso: 13000/31293 (41.5%) - Insertados: 756, Actualizados: 12244
2026-03-19 14:50:06,295 - INFO - Progreso: 13100/31293 (41.9%) - Insertados: 756, Actualizados: 12344
2026-03-19 14:50:22,749 - INFO - Progreso: 13200/31293 (42.2%) - Insertados: 756, Actualizados: 12444
2026-03-19 14:50:38,379 - INFO - Progreso: 13300/31293 (42.5%) - Insertados: 757, Actualizados: 12543
2026-03-19 14:50:55,077 - INFO - Progreso: 13400/31293 (42.8%) - Insertados: 757, Actualizados: 12643
2026-03-19 14:51:10,684 - INFO - Progreso: 13500/31293 (43.1%) - Insertados: 757, Actualizados: 12743
2026-03-19 14:51:26,260 - INFO - Progreso: 13600/31293 (43.5%) - Insertados: 760, Actualizados: 12840
2026-03-19 14:51:41,870 - INFO - Progreso: 13700/31293 (43.8%) - Insertados: 761, Actualizados: 12939
2026-03-19 14:51:57,396 - INFO - Progreso: 13800/31293 (44.1%) - Insertados: 763, Actualizados: 13037
2026-03-19 14:52:12,771 - INFO - Progreso: 13900/31293 (44.4%) - Insertados: 771, Actualizados: 13129
2026-03-19 14:52:28,363 - INFO - Progreso: 14000/31293 (44.7%) - Insertados: 774, Actualizados: 13226
2026-03-19 14:52:43,973 - INFO - Progreso: 14100/31293 (45.1%) - Insertados: 774, Actualizados: 13326
2026-03-19 14:52:59,541 - INFO - Progreso: 14200/31293 (45.4%) - Insertados: 774, Actualizados: 13426
2026-03-19 14:53:15,259 - INFO - Progreso: 14300/31293 (45.7%) - Insertados: 774, Actualizados: 13526
2026-03-19 14:53:30,798 - INFO - Progreso: 14400/31293 (46.0%) - Insertados: 775, Actualizados: 13625
2026-03-19 14:53:46,852 - INFO - Progreso: 14500/31293 (46.3%) - Insertados: 775, Actualizados: 13725
2026-03-19 14:54:02,352 - INFO - Progreso: 14600/31293 (46.7%) - Insertados: 776, Actualizados: 13824
2026-03-19 14:54:18,015 - INFO - Progreso: 14700/31293 (47.0%) - Insertados: 778, Actualizados: 13922
2026-03-19 14:54:33,936 - INFO - Progreso: 14800/31293 (47.3%) - Insertados: 779, Actualizados: 14021
2026-03-19 14:54:51,156 - INFO - Progreso: 14900/31293 (47.6%) - Insertados: 781, Actualizados: 14119
2026-03-19 14:55:06,919 - INFO - Progreso: 15000/31293 (47.9%) - Insertados: 781, Actualizados: 14219
2026-03-19 14:55:22,663 - INFO - Progreso: 15100/31293 (48.3%) - Insertados: 784, Actualizados: 14316
2026-03-19 14:55:38,237 - INFO - Progreso: 15200/31293 (48.6%) - Insertados: 784, Actualizados: 14416
2026-03-19 14:55:53,979 - INFO - Progreso: 15300/31293 (48.9%) - Insertados: 785, Actualizados: 14515
2026-03-19 14:56:09,675 - INFO - Progreso: 15400/31293 (49.2%) - Insertados: 786, Actualizados: 14614
2026-03-19 14:56:25,414 - INFO - Progreso: 15500/31293 (49.5%) - Insertados: 786, Actualizados: 14714
2026-03-19 14:56:40,995 - INFO - Progreso: 15600/31293 (49.9%) - Insertados: 786, Actualizados: 14814
2026-03-19 14:56:57,353 - INFO - Progreso: 15700/31293 (50.2%) - Insertados: 788, Actualizados: 14912
2026-03-19 14:57:13,802 - INFO - Progreso: 15800/31293 (50.5%) - Insertados: 788, Actualizados: 15012
2026-03-19 14:57:29,487 - INFO - Progreso: 15900/31293 (50.8%) - Insertados: 788, Actualizados: 15112
2026-03-19 14:57:45,150 - INFO - Progreso: 16000/31293 (51.1%) - Insertados: 788, Actualizados: 15212
2026-03-19 14:58:00,824 - INFO - Progreso: 16100/31293 (51.4%) - Insertados: 788, Actualizados: 15312
2026-03-19 14:58:16,440 - INFO - Progreso: 16200/31293 (51.8%) - Insertados: 788, Actualizados: 15412
2026-03-19 14:58:32,232 - INFO - Progreso: 16300/31293 (52.1%) - Insertados: 789, Actualizados: 15511
2026-03-19 14:58:47,836 - INFO - Progreso: 16400/31293 (52.4%) - Insertados: 789, Actualizados: 15611
2026-03-19 14:59:03,444 - INFO - Progreso: 16500/31293 (52.7%) - Insertados: 789, Actualizados: 15711
2026-03-19 14:59:18,951 - INFO - Progreso: 16600/31293 (53.0%) - Insertados: 793, Actualizados: 15807
2026-03-19 14:59:34,644 - INFO - Progreso: 16700/31293 (53.4%) - Insertados: 794, Actualizados: 15906
2026-03-19 14:59:50,374 - INFO - Progreso: 16800/31293 (53.7%) - Insertados: 794, Actualizados: 16006
2026-03-19 15:00:06,355 - INFO - Progreso: 16900/31293 (54.0%) - Insertados: 794, Actualizados: 16106
2026-03-19 15:00:22,171 - INFO - Progreso: 17000/31293 (54.3%) - Insertados: 798, Actualizados: 16202
2026-03-19 15:00:38,609 - INFO - Progreso: 17100/31293 (54.6%) - Insertados: 798, Actualizados: 16302
2026-03-19 15:00:55,346 - INFO - Progreso: 17200/31293 (55.0%) - Insertados: 798, Actualizados: 16402
2026-03-19 15:01:10,791 - INFO - Progreso: 17300/31293 (55.3%) - Insertados: 798, Actualizados: 16502
2026-03-19 15:01:26,229 - INFO - Progreso: 17400/31293 (55.6%) - Insertados: 798, Actualizados: 16602
2026-03-19 15:01:41,693 - INFO - Progreso: 17500/31293 (55.9%) - Insertados: 801, Actualizados: 16699
2026-03-19 15:01:57,622 - INFO - Progreso: 17600/31293 (56.2%) - Insertados: 803, Actualizados: 16797
2026-03-19 15:02:12,958 - INFO - Progreso: 17700/31293 (56.6%) - Insertados: 810, Actualizados: 16890
2026-03-19 15:02:28,370 - INFO - Progreso: 17800/31293 (56.9%) - Insertados: 810, Actualizados: 16990
2026-03-19 15:02:43,616 - INFO - Progreso: 17900/31293 (57.2%) - Insertados: 810, Actualizados: 17090
2026-03-19 15:02:59,090 - INFO - Progreso: 18000/31293 (57.5%) - Insertados: 810, Actualizados: 17190
2026-03-19 15:03:14,399 - INFO - Progreso: 18100/31293 (57.8%) - Insertados: 811, Actualizados: 17289
2026-03-19 15:03:29,764 - INFO - Progreso: 18200/31293 (58.2%) - Insertados: 811, Actualizados: 17389
2026-03-19 15:03:44,882 - INFO - Progreso: 18300/31293 (58.5%) - Insertados: 818, Actualizados: 17482
2026-03-19 15:03:59,981 - INFO - Progreso: 18400/31293 (58.8%) - Insertados: 822, Actualizados: 17578
2026-03-19 15:04:14,959 - INFO - Progreso: 18500/31293 (59.1%) - Insertados: 834, Actualizados: 17666
2026-03-19 15:04:30,212 - INFO - Progreso: 18600/31293 (59.4%) - Insertados: 836, Actualizados: 17764
2026-03-19 15:04:45,607 - INFO - Progreso: 18700/31293 (59.8%) - Insertados: 836, Actualizados: 17864
2026-03-19 15:05:00,921 - INFO - Progreso: 18800/31293 (60.1%) - Insertados: 836, Actualizados: 17964
2026-03-19 15:05:16,093 - INFO - Progreso: 18900/31293 (60.4%) - Insertados: 836, Actualizados: 18064
2026-03-19 15:05:32,082 - INFO - Progreso: 19000/31293 (60.7%) - Insertados: 837, Actualizados: 18163
2026-03-19 15:05:47,437 - INFO - Progreso: 19100/31293 (61.0%) - Insertados: 837, Actualizados: 18263
2026-03-19 15:06:02,679 - INFO - Progreso: 19200/31293 (61.4%) - Insertados: 837, Actualizados: 18363
2026-03-19 15:06:17,919 - INFO - Progreso: 19300/31293 (61.7%) - Insertados: 840, Actualizados: 18460
2026-03-19 15:06:33,223 - INFO - Progreso: 19400/31293 (62.0%) - Insertados: 840, Actualizados: 18560
2026-03-19 15:06:48,407 - INFO - Progreso: 19500/31293 (62.3%) - Insertados: 844, Actualizados: 18656
2026-03-19 15:07:03,629 - INFO - Progreso: 19600/31293 (62.6%) - Insertados: 851, Actualizados: 18749
2026-03-19 15:07:19,603 - INFO - Progreso: 19700/31293 (63.0%) - Insertados: 853, Actualizados: 18847
2026-03-19 15:07:35,165 - INFO - Progreso: 19800/31293 (63.3%) - Insertados: 853, Actualizados: 18947
2026-03-19 15:07:50,649 - INFO - Progreso: 19900/31293 (63.6%) - Insertados: 853, Actualizados: 19047
2026-03-19 15:08:06,129 - INFO - Progreso: 20000/31293 (63.9%) - Insertados: 853, Actualizados: 19147
2026-03-19 15:08:21,628 - INFO - Progreso: 20100/31293 (64.2%) - Insertados: 853, Actualizados: 19247
2026-03-19 15:08:37,770 - INFO - Progreso: 20200/31293 (64.6%) - Insertados: 853, Actualizados: 19347
2026-03-19 15:08:55,496 - INFO - Progreso: 20300/31293 (64.9%) - Insertados: 855, Actualizados: 19445
2026-03-19 15:09:11,048 - INFO - Progreso: 20400/31293 (65.2%) - Insertados: 856, Actualizados: 19544
2026-03-19 15:09:27,079 - INFO - Progreso: 20500/31293 (65.5%) - Insertados: 856, Actualizados: 19644
2026-03-19 15:09:42,834 - INFO - Progreso: 20600/31293 (65.8%) - Insertados: 857, Actualizados: 19743
2026-03-19 15:09:58,357 - INFO - Progreso: 20700/31293 (66.1%) - Insertados: 860, Actualizados: 19840
2026-03-19 15:10:13,912 - INFO - Progreso: 20800/31293 (66.5%) - Insertados: 860, Actualizados: 19940
2026-03-19 15:10:29,904 - INFO - Progreso: 20900/31293 (66.8%) - Insertados: 860, Actualizados: 20040
2026-03-19 15:10:45,733 - INFO - Progreso: 21000/31293 (67.1%) - Insertados: 861, Actualizados: 20139
2026-03-19 15:11:01,255 - INFO - Progreso: 21100/31293 (67.4%) - Insertados: 863, Actualizados: 20237
2026-03-19 15:11:16,647 - INFO - Progreso: 21200/31293 (67.7%) - Insertados: 863, Actualizados: 20337
2026-03-19 15:11:32,028 - INFO - Progreso: 21300/31293 (68.1%) - Insertados: 865, Actualizados: 20435
2026-03-19 15:11:48,107 - INFO - Progreso: 21400/31293 (68.4%) - Insertados: 867, Actualizados: 20533
2026-03-19 15:12:03,624 - INFO - Progreso: 21500/31293 (68.7%) - Insertados: 867, Actualizados: 20633
2026-03-19 15:12:18,897 - INFO - Progreso: 21600/31293 (69.0%) - Insertados: 867, Actualizados: 20733
2026-03-19 15:12:34,346 - INFO - Progreso: 21700/31293 (69.3%) - Insertados: 867, Actualizados: 20833
2026-03-19 15:12:49,600 - INFO - Progreso: 21800/31293 (69.7%) - Insertados: 867, Actualizados: 20933
2026-03-19 15:13:04,936 - INFO - Progreso: 21900/31293 (70.0%) - Insertados: 867, Actualizados: 21033
2026-03-19 15:13:20,309 - INFO - Progreso: 22000/31293 (70.3%) - Insertados: 867, Actualizados: 21133
2026-03-19 15:13:35,608 - INFO - Progreso: 22100/31293 (70.6%) - Insertados: 868, Actualizados: 21232
2026-03-19 15:13:50,889 - INFO - Progreso: 22200/31293 (70.9%) - Insertados: 869, Actualizados: 21331
2026-03-19 15:14:06,215 - INFO - Progreso: 22300/31293 (71.3%) - Insertados: 869, Actualizados: 21431
2026-03-19 15:14:21,606 - INFO - Progreso: 22400/31293 (71.6%) - Insertados: 869, Actualizados: 21531
2026-03-19 15:14:37,060 - INFO - Progreso: 22500/31293 (71.9%) - Insertados: 870, Actualizados: 21630
2026-03-19 15:14:54,468 - INFO - Progreso: 22600/31293 (72.2%) - Insertados: 872, Actualizados: 21728
2026-03-19 15:15:11,368 - INFO - Progreso: 22700/31293 (72.5%) - Insertados: 874, Actualizados: 21826
2026-03-19 15:15:28,330 - INFO - Progreso: 22800/31293 (72.9%) - Insertados: 875, Actualizados: 21925
2026-03-19 15:15:45,128 - INFO - Progreso: 22900/31293 (73.2%) - Insertados: 875, Actualizados: 22025
2026-03-19 15:16:01,051 - INFO - Progreso: 23000/31293 (73.5%) - Insertados: 875, Actualizados: 22125
2026-03-19 15:16:16,342 - INFO - Progreso: 23100/31293 (73.8%) - Insertados: 879, Actualizados: 22221
2026-03-19 15:16:31,671 - INFO - Progreso: 23200/31293 (74.1%) - Insertados: 881, Actualizados: 22319
2026-03-19 15:16:47,319 - INFO - Progreso: 23300/31293 (74.5%) - Insertados: 886, Actualizados: 22414
2026-03-19 15:17:02,708 - INFO - Progreso: 23400/31293 (74.8%) - Insertados: 888, Actualizados: 22512
2026-03-19 15:17:18,126 - INFO - Progreso: 23500/31293 (75.1%) - Insertados: 888, Actualizados: 22612
2026-03-19 15:17:33,616 - INFO - Progreso: 23600/31293 (75.4%) - Insertados: 888, Actualizados: 22712
2026-03-19 15:17:49,386 - INFO - Progreso: 23700/31293 (75.7%) - Insertados: 888, Actualizados: 22812
2026-03-19 15:18:05,437 - INFO - Progreso: 23800/31293 (76.1%) - Insertados: 888, Actualizados: 22912
2026-03-19 15:18:20,785 - INFO - Progreso: 23900/31293 (76.4%) - Insertados: 891, Actualizados: 23009
2026-03-19 15:18:36,064 - INFO - Progreso: 24000/31293 (76.7%) - Insertados: 897, Actualizados: 23103
2026-03-19 15:18:51,382 - INFO - Progreso: 24100/31293 (77.0%) - Insertados: 901, Actualizados: 23199
2026-03-19 15:19:06,708 - INFO - Progreso: 24200/31293 (77.3%) - Insertados: 906, Actualizados: 23294
2026-03-19 15:19:22,147 - INFO - Progreso: 24300/31293 (77.7%) - Insertados: 907, Actualizados: 23393
2026-03-19 15:19:37,598 - INFO - Progreso: 24400/31293 (78.0%) - Insertados: 907, Actualizados: 23493
2026-03-19 15:19:53,009 - INFO - Progreso: 24500/31293 (78.3%) - Insertados: 907, Actualizados: 23593
2026-03-19 15:20:08,398 - INFO - Progreso: 24600/31293 (78.6%) - Insertados: 907, Actualizados: 23693
2026-03-19 15:20:23,845 - INFO - Progreso: 24700/31293 (78.9%) - Insertados: 907, Actualizados: 23793
2026-03-19 15:20:39,268 - INFO - Progreso: 24800/31293 (79.3%) - Insertados: 907, Actualizados: 23893
2026-03-19 15:20:54,709 - INFO - Progreso: 24900/31293 (79.6%) - Insertados: 909, Actualizados: 23991
2026-03-19 15:21:10,128 - INFO - Progreso: 25000/31293 (79.9%) - Insertados: 909, Actualizados: 24091
2026-03-19 15:21:25,565 - INFO - Progreso: 25100/31293 (80.2%) - Insertados: 912, Actualizados: 24188
2026-03-19 15:21:43,953 - INFO - Progreso: 25200/31293 (80.5%) - Insertados: 914, Actualizados: 24286
2026-03-19 15:22:01,056 - INFO - Progreso: 25300/31293 (80.8%) - Insertados: 914, Actualizados: 24386
2026-03-19 15:22:18,198 - INFO - Progreso: 25400/31293 (81.2%) - Insertados: 914, Actualizados: 24486
2026-03-19 15:22:36,143 - INFO - Progreso: 25500/31293 (81.5%) - Insertados: 914, Actualizados: 24586
2026-03-19 15:22:51,406 - INFO - Progreso: 25600/31293 (81.8%) - Insertados: 969, Actualizados: 24631
2026-03-19 15:23:05,208 - INFO - Progreso: 25700/31293 (82.1%) - Insertados: 1064, Actualizados: 24636
2026-03-19 15:23:20,416 - INFO - Progreso: 25800/31293 (82.4%) - Insertados: 1160, Actualizados: 24640
2026-03-19 15:23:34,149 - INFO - Progreso: 25900/31293 (82.8%) - Insertados: 1256, Actualizados: 24644
2026-03-19 15:23:47,869 - INFO - Progreso: 26000/31293 (83.1%) - Insertados: 1341, Actualizados: 24659
2026-03-19 15:24:01,736 - INFO - Progreso: 26100/31293 (83.4%) - Insertados: 1437, Actualizados: 24663
2026-03-19 15:24:17,151 - INFO - Progreso: 26200/31293 (83.7%) - Insertados: 1537, Actualizados: 24663
2026-03-19 15:24:30,686 - INFO - Progreso: 26300/31293 (84.0%) - Insertados: 1637, Actualizados: 24663
2026-03-19 15:24:46,154 - INFO - Progreso: 26400/31293 (84.4%) - Insertados: 1646, Actualizados: 24754
2026-03-19 15:24:59,647 - INFO - Progreso: 26500/31293 (84.7%) - Insertados: 1746, Actualizados: 24754
2026-03-19 15:25:13,157 - INFO - Progreso: 26600/31293 (85.0%) - Insertados: 1842, Actualizados: 24758
2026-03-19 15:25:26,702 - INFO - Progreso: 26700/31293 (85.3%) - Insertados: 1938, Actualizados: 24762
2026-03-19 15:25:40,178 - INFO - Progreso: 26800/31293 (85.6%) - Insertados: 2038, Actualizados: 24762
2026-03-19 15:25:53,807 - INFO - Progreso: 26900/31293 (86.0%) - Insertados: 2134, Actualizados: 24766
2026-03-19 15:26:07,331 - INFO - Progreso: 27000/31293 (86.3%) - Insertados: 2231, Actualizados: 24769
2026-03-19 15:26:20,767 - INFO - Progreso: 27100/31293 (86.6%) - Insertados: 2331, Actualizados: 24769
2026-03-19 15:26:34,243 - INFO - Progreso: 27200/31293 (86.9%) - Insertados: 2431, Actualizados: 24769
2026-03-19 15:26:47,741 - INFO - Progreso: 27300/31293 (87.2%) - Insertados: 2531, Actualizados: 24769
2026-03-19 15:27:01,257 - INFO - Progreso: 27400/31293 (87.6%) - Insertados: 2628, Actualizados: 24772
2026-03-19 15:27:14,770 - INFO - Progreso: 27500/31293 (87.9%) - Insertados: 2727, Actualizados: 24773
2026-03-19 15:27:28,265 - INFO - Progreso: 27600/31293 (88.2%) - Insertados: 2826, Actualizados: 24774
2026-03-19 15:27:41,888 - INFO - Progreso: 27700/31293 (88.5%) - Insertados: 2920, Actualizados: 24780
2026-03-19 15:27:55,450 - INFO - Progreso: 27800/31293 (88.8%) - Insertados: 3016, Actualizados: 24784
2026-03-19 15:28:08,928 - INFO - Progreso: 27900/31293 (89.2%) - Insertados: 3115, Actualizados: 24785
2026-03-19 15:28:22,557 - INFO - Progreso: 28000/31293 (89.5%) - Insertados: 3208, Actualizados: 24792
2026-03-19 15:28:36,282 - INFO - Progreso: 28100/31293 (89.8%) - Insertados: 3299, Actualizados: 24801
2026-03-19 15:28:49,917 - INFO - Progreso: 28200/31293 (90.1%) - Insertados: 3395, Actualizados: 24805
2026-03-19 15:29:03,543 - INFO - Progreso: 28300/31293 (90.4%) - Insertados: 3495, Actualizados: 24805
2026-03-19 15:29:17,668 - INFO - Progreso: 28400/31293 (90.8%) - Insertados: 3591, Actualizados: 24809
2026-03-19 15:29:31,147 - INFO - Progreso: 28500/31293 (91.1%) - Insertados: 3691, Actualizados: 24809
2026-03-19 15:29:44,862 - INFO - Progreso: 28600/31293 (91.4%) - Insertados: 3779, Actualizados: 24821
2026-03-19 15:29:58,934 - INFO - Progreso: 28700/31293 (91.7%) - Insertados: 3855, Actualizados: 24845
2026-03-19 15:30:12,657 - INFO - Progreso: 28800/31293 (92.0%) - Insertados: 3947, Actualizados: 24853
2026-03-19 15:30:26,210 - INFO - Progreso: 28900/31293 (92.4%) - Insertados: 4045, Actualizados: 24855
2026-03-19 15:30:39,717 - INFO - Progreso: 29000/31293 (92.7%) - Insertados: 4144, Actualizados: 24856
2026-03-19 15:30:53,326 - INFO - Progreso: 29100/31293 (93.0%) - Insertados: 4242, Actualizados: 24858
2026-03-19 15:31:06,886 - INFO - Progreso: 29200/31293 (93.3%) - Insertados: 4342, Actualizados: 24858
2026-03-19 15:31:20,454 - INFO - Progreso: 29300/31293 (93.6%) - Insertados: 4440, Actualizados: 24860
2026-03-19 15:31:33,978 - INFO - Progreso: 29400/31293 (94.0%) - Insertados: 4540, Actualizados: 24860
2026-03-19 15:31:48,500 - INFO - Progreso: 29500/31293 (94.3%) - Insertados: 4607, Actualizados: 24893
2026-03-19 15:32:02,018 - INFO - Progreso: 29600/31293 (94.6%) - Insertados: 4706, Actualizados: 24894
2026-03-19 15:32:15,861 - INFO - Progreso: 29700/31293 (94.9%) - Insertados: 4790, Actualizados: 24910
2026-03-19 15:32:29,755 - INFO - Progreso: 29800/31293 (95.2%) - Insertados: 4884, Actualizados: 24916
2026-03-19 15:32:43,748 - INFO - Progreso: 29900/31293 (95.5%) - Insertados: 4980, Actualizados: 24920
2026-03-19 15:32:58,109 - INFO - Progreso: 30000/31293 (95.9%) - Insertados: 5080, Actualizados: 24920
2026-03-19 15:33:12,215 - INFO - Progreso: 30100/31293 (96.2%) - Insertados: 5180, Actualizados: 24920
2026-03-19 15:33:26,022 - INFO - Progreso: 30200/31293 (96.5%) - Insertados: 5280, Actualizados: 24920
2026-03-19 15:33:39,615 - INFO - Progreso: 30300/31293 (96.8%) - Insertados: 5380, Actualizados: 24920
2026-03-19 15:33:53,587 - INFO - Progreso: 30400/31293 (97.1%) - Insertados: 5472, Actualizados: 24928
2026-03-19 15:34:07,254 - INFO - Progreso: 30500/31293 (97.5%) - Insertados: 5572, Actualizados: 24928
2026-03-19 15:34:21,697 - INFO - Progreso: 30600/31293 (97.8%) - Insertados: 5638, Actualizados: 24962
2026-03-19 15:34:35,452 - INFO - Progreso: 30700/31293 (98.1%) - Insertados: 5738, Actualizados: 24962
2026-03-19 15:34:50,316 - INFO - Progreso: 30800/31293 (98.4%) - Insertados: 5832, Actualizados: 24968
2026-03-19 15:35:04,273 - INFO - Progreso: 30900/31293 (98.7%) - Insertados: 5932, Actualizados: 24968
2026-03-19 15:35:18,178 - INFO - Progreso: 31000/31293 (99.1%) - Insertados: 6032, Actualizados: 24968
2026-03-19 15:35:32,490 - INFO - Progreso: 31100/31293 (99.4%) - Insertados: 6124, Actualizados: 24976
2026-03-19 15:35:46,917 - INFO - Progreso: 31200/31293 (99.7%) - Insertados: 6215, Actualizados: 24985
2026-03-19 15:36:01,077 - INFO - 
================================================================================
2026-03-19 15:36:01,077 - INFO - RESUMEN DE IMPORTACIÓN DE PRECIOS
2026-03-19 15:36:01,079 - INFO - ================================================================================
2026-03-19 15:36:01,079 - INFO - Archivo procesado: ITM1.xlsx
2026-03-19 15:36:01,079 - INFO - Total registros en Excel: 31293
2026-03-19 15:36:01,079 - INFO - Nuevos insertados: 6245
2026-03-19 15:36:01,079 - INFO - Actualizados: 25048
2026-03-19 15:36:01,079 - INFO - Errores: 0
2026-03-19 15:36:01,079 - INFO - Procesados exitosamente: 31293
2026-03-19 15:36:01,079 - INFO - Tasa de éxito: 100.00%
2026-03-19 15:36:01,079 - INFO - Tiempo total: 4812.49 segundos
2026-03-19 15:36:01,079 - INFO - Velocidad: 6.50 registros/segundo
2026-03-19 15:36:01,079 - INFO - 
Archivos de log generados:
2026-03-19 15:36:01,079 - INFO -   - Log general: importacion_precios_20260319_141548.log
2026-03-19 15:36:01,079 - INFO -   - Log de errores: errores_precios_20260319_141548.log
2026-03-19 15:36:01,086 - INFO - ================================================================================
2026-03-19 15:36:01,087 - INFO - ✓ Proceso completado sin errores
2026-03-19 15:36:01,217 - INFO - ✓ Conexión cerrada
