2026-04-22 15:37:22,593 - INFO - ================================================================================
2026-04-22 15:37:22,594 - INFO - INICIANDO PROCESO DE IMPORTACIÓN DE PRECIOS
2026-04-22 15:37:22,594 - INFO - ================================================================================
2026-04-22 15:37:22,595 - INFO - Buscando archivo Excel...
2026-04-22 15:37:22,595 - INFO - Directorio del script: C:\GitHub\Discordoba\Discordoba_Convertidor_Python\SAP\SAP_ITM1
2026-04-22 15:37:22,595 - INFO - Archivos Excel encontrados: ITM1.xlsx
2026-04-22 15:37:22,598 - INFO - Leyendo archivo: C:\GitHub\Discordoba\Discordoba_Convertidor_Python\SAP\SAP_ITM1\ITM1.xlsx
2026-04-22 15:37:27,436 - INFO - Registros encontrados: 31388
2026-04-22 15:37:27,436 - INFO - Columnas: PriceList, ItemCode, Price, Currency
2026-04-22 15:37:27,436 - INFO - Conectando a SQL Server...
2026-04-22 15:37:28,444 - INFO - ✓ Conexión establecida exitosamente
2026-04-22 15:37:28,516 - INFO - Procesando 31388 registros de precios...
2026-04-22 15:37:44,617 - INFO - Progreso: 100/31388 (0.3%) - Insertados: 0, Actualizados: 100
2026-04-22 15:38:01,192 - INFO - Progreso: 200/31388 (0.6%) - Insertados: 0, Actualizados: 200
2026-04-22 15:38:17,832 - INFO - Progreso: 300/31388 (1.0%) - Insertados: 0, Actualizados: 300
2026-04-22 15:38:34,195 - INFO - Progreso: 400/31388 (1.3%) - Insertados: 0, Actualizados: 400
2026-04-22 15:38:50,288 - INFO - Progreso: 500/31388 (1.6%) - Insertados: 0, Actualizados: 500
2026-04-22 15:39:06,435 - INFO - Progreso: 600/31388 (1.9%) - Insertados: 0, Actualizados: 600
2026-04-22 15:39:22,370 - INFO - Progreso: 700/31388 (2.2%) - Insertados: 0, Actualizados: 700
2026-04-22 15:39:38,733 - INFO - Progreso: 800/31388 (2.5%) - Insertados: 0, Actualizados: 800
2026-04-22 15:39:54,979 - INFO - Progreso: 900/31388 (2.9%) - Insertados: 0, Actualizados: 900
2026-04-22 15:40:12,247 - INFO - Progreso: 1000/31388 (3.2%) - Insertados: 0, Actualizados: 1000
2026-04-22 15:40:28,905 - INFO - Progreso: 1100/31388 (3.5%) - Insertados: 0, Actualizados: 1100
2026-04-22 15:40:46,090 - INFO - Progreso: 1200/31388 (3.8%) - Insertados: 0, Actualizados: 1200
2026-04-22 15:41:02,481 - INFO - Progreso: 1300/31388 (4.1%) - Insertados: 0, Actualizados: 1300
2026-04-22 15:41:18,851 - INFO - Progreso: 1400/31388 (4.5%) - Insertados: 0, Actualizados: 1400
2026-04-22 15:41:35,016 - INFO - Progreso: 1500/31388 (4.8%) - Insertados: 0, Actualizados: 1500
2026-04-22 15:41:51,197 - INFO - Progreso: 1600/31388 (5.1%) - Insertados: 0, Actualizados: 1600
2026-04-22 15:42:08,944 - INFO - Progreso: 1700/31388 (5.4%) - Insertados: 0, Actualizados: 1700
2026-04-22 15:42:25,026 - INFO - Progreso: 1800/31388 (5.7%) - Insertados: 0, Actualizados: 1800
2026-04-22 15:42:41,702 - INFO - Progreso: 1900/31388 (6.1%) - Insertados: 0, Actualizados: 1900
2026-04-22 15:42:58,455 - INFO - Progreso: 2000/31388 (6.4%) - Insertados: 0, Actualizados: 2000
2026-04-22 15:43:15,588 - INFO - Progreso: 2100/31388 (6.7%) - Insertados: 0, Actualizados: 2100
2026-04-22 15:43:31,805 - INFO - Progreso: 2200/31388 (7.0%) - Insertados: 0, Actualizados: 2200
2026-04-22 15:43:48,155 - INFO - Progreso: 2300/31388 (7.3%) - Insertados: 0, Actualizados: 2300
2026-04-22 15:44:05,998 - INFO - Progreso: 2400/31388 (7.6%) - Insertados: 0, Actualizados: 2400
2026-04-22 15:44:22,155 - INFO - Progreso: 2500/31388 (8.0%) - Insertados: 0, Actualizados: 2500
2026-04-22 15:44:38,783 - INFO - Progreso: 2600/31388 (8.3%) - Insertados: 0, Actualizados: 2600
2026-04-22 15:44:55,217 - INFO - Progreso: 2700/31388 (8.6%) - Insertados: 0, Actualizados: 2700
2026-04-22 15:45:12,325 - INFO - Progreso: 2800/31388 (8.9%) - Insertados: 0, Actualizados: 2800
2026-04-22 15:45:29,914 - INFO - Progreso: 2900/31388 (9.2%) - Insertados: 0, Actualizados: 2900
2026-04-22 15:45:46,091 - INFO - Progreso: 3000/31388 (9.6%) - Insertados: 0, Actualizados: 3000
2026-04-22 15:46:04,697 - INFO - Progreso: 3100/31388 (9.9%) - Insertados: 0, Actualizados: 3100
2026-04-22 15:46:25,457 - INFO - Progreso: 3200/31388 (10.2%) - Insertados: 0, Actualizados: 3200
2026-04-22 15:46:42,922 - INFO - Progreso: 3300/31388 (10.5%) - Insertados: 0, Actualizados: 3300
2026-04-22 15:47:05,933 - INFO - Progreso: 3400/31388 (10.8%) - Insertados: 0, Actualizados: 3400
2026-04-22 15:47:22,500 - INFO - Progreso: 3500/31388 (11.2%) - Insertados: 0, Actualizados: 3500
2026-04-22 15:47:39,746 - INFO - Progreso: 3600/31388 (11.5%) - Insertados: 0, Actualizados: 3600
2026-04-22 15:47:56,566 - INFO - Progreso: 3700/31388 (11.8%) - Insertados: 0, Actualizados: 3700
2026-04-22 15:48:12,526 - INFO - Progreso: 3800/31388 (12.1%) - Insertados: 0, Actualizados: 3800
2026-04-22 15:48:28,718 - INFO - Progreso: 3900/31388 (12.4%) - Insertados: 0, Actualizados: 3900
2026-04-22 15:48:45,297 - INFO - Progreso: 4000/31388 (12.7%) - Insertados: 0, Actualizados: 4000
2026-04-22 15:49:02,515 - INFO - Progreso: 4100/31388 (13.1%) - Insertados: 0, Actualizados: 4100
2026-04-22 15:49:20,137 - INFO - Progreso: 4200/31388 (13.4%) - Insertados: 0, Actualizados: 4200
2026-04-22 15:49:39,843 - INFO - Progreso: 4300/31388 (13.7%) - Insertados: 0, Actualizados: 4300
2026-04-22 15:49:56,358 - INFO - Progreso: 4400/31388 (14.0%) - Insertados: 0, Actualizados: 4400
2026-04-22 15:50:13,625 - INFO - Progreso: 4500/31388 (14.3%) - Insertados: 0, Actualizados: 4500
2026-04-22 15:50:30,308 - INFO - Progreso: 4600/31388 (14.7%) - Insertados: 0, Actualizados: 4600
2026-04-22 15:50:46,466 - INFO - Progreso: 4700/31388 (15.0%) - Insertados: 0, Actualizados: 4700
2026-04-22 15:51:02,903 - INFO - Progreso: 4800/31388 (15.3%) - Insertados: 0, Actualizados: 4800
2026-04-22 15:51:19,082 - INFO - Progreso: 4900/31388 (15.6%) - Insertados: 0, Actualizados: 4900
2026-04-22 15:51:35,259 - INFO - Progreso: 5000/31388 (15.9%) - Insertados: 0, Actualizados: 5000
2026-04-22 15:51:52,438 - INFO - Progreso: 5100/31388 (16.2%) - Insertados: 0, Actualizados: 5100
2026-04-22 15:52:08,933 - INFO - Progreso: 5200/31388 (16.6%) - Insertados: 0, Actualizados: 5200
2026-04-22 15:52:25,170 - INFO - Progreso: 5300/31388 (16.9%) - Insertados: 0, Actualizados: 5300
2026-04-22 15:52:42,120 - INFO - Progreso: 5400/31388 (17.2%) - Insertados: 0, Actualizados: 5400
2026-04-22 15:53:06,156 - INFO - Progreso: 5500/31388 (17.5%) - Insertados: 0, Actualizados: 5500
2026-04-22 15:53:27,196 - INFO - Progreso: 5600/31388 (17.8%) - Insertados: 0, Actualizados: 5600
2026-04-22 15:53:46,083 - INFO - Progreso: 5700/31388 (18.2%) - Insertados: 0, Actualizados: 5700
2026-04-22 15:54:02,818 - INFO - Progreso: 5800/31388 (18.5%) - Insertados: 0, Actualizados: 5800
2026-04-22 15:54:18,854 - INFO - Progreso: 5900/31388 (18.8%) - Insertados: 0, Actualizados: 5900
2026-04-22 15:54:35,540 - INFO - Progreso: 6000/31388 (19.1%) - Insertados: 0, Actualizados: 6000
2026-04-22 15:54:51,945 - INFO - Progreso: 6100/31388 (19.4%) - Insertados: 0, Actualizados: 6100
2026-04-22 15:55:08,264 - INFO - Progreso: 6200/31388 (19.8%) - Insertados: 0, Actualizados: 6200
2026-04-22 15:55:24,881 - INFO - Progreso: 6300/31388 (20.1%) - Insertados: 0, Actualizados: 6300
2026-04-22 15:55:41,046 - INFO - Progreso: 6400/31388 (20.4%) - Insertados: 0, Actualizados: 6400
2026-04-22 15:55:57,144 - INFO - Progreso: 6500/31388 (20.7%) - Insertados: 0, Actualizados: 6500
2026-04-22 15:56:13,314 - INFO - Progreso: 6600/31388 (21.0%) - Insertados: 0, Actualizados: 6600
2026-04-22 15:56:29,463 - INFO - Progreso: 6700/31388 (21.3%) - Insertados: 0, Actualizados: 6700
2026-04-22 15:56:45,906 - INFO - Progreso: 6800/31388 (21.7%) - Insertados: 0, Actualizados: 6800
2026-04-22 15:57:02,653 - INFO - Progreso: 6900/31388 (22.0%) - Insertados: 0, Actualizados: 6900
2026-04-22 15:57:19,538 - INFO - Progreso: 7000/31388 (22.3%) - Insertados: 0, Actualizados: 7000
2026-04-22 15:57:51,228 - INFO - Progreso: 7100/31388 (22.6%) - Insertados: 0, Actualizados: 7100
2026-04-22 15:58:18,027 - INFO - Progreso: 7200/31388 (22.9%) - Insertados: 0, Actualizados: 7200
2026-04-22 15:58:43,376 - INFO - Progreso: 7300/31388 (23.3%) - Insertados: 0, Actualizados: 7300
2026-04-22 15:59:00,322 - INFO - Progreso: 7400/31388 (23.6%) - Insertados: 0, Actualizados: 7400
2026-04-22 15:59:16,925 - INFO - Progreso: 7500/31388 (23.9%) - Insertados: 0, Actualizados: 7500
2026-04-22 15:59:33,301 - INFO - Progreso: 7600/31388 (24.2%) - Insertados: 0, Actualizados: 7600
2026-04-22 15:59:49,487 - INFO - Progreso: 7700/31388 (24.5%) - Insertados: 0, Actualizados: 7700
2026-04-22 16:00:06,344 - INFO - Progreso: 7800/31388 (24.9%) - Insertados: 0, Actualizados: 7800
2026-04-22 16:00:24,992 - INFO - Progreso: 7900/31388 (25.2%) - Insertados: 0, Actualizados: 7900
2026-04-22 16:00:42,723 - INFO - Progreso: 8000/31388 (25.5%) - Insertados: 0, Actualizados: 8000
2026-04-22 16:00:58,822 - INFO - Progreso: 8100/31388 (25.8%) - Insertados: 0, Actualizados: 8100
2026-04-22 16:01:16,302 - INFO - Progreso: 8200/31388 (26.1%) - Insertados: 0, Actualizados: 8200
2026-04-22 16:01:32,871 - INFO - Progreso: 8300/31388 (26.4%) - Insertados: 0, Actualizados: 8300
2026-04-22 16:01:49,217 - INFO - Progreso: 8400/31388 (26.8%) - Insertados: 0, Actualizados: 8400
2026-04-22 16:02:05,672 - INFO - Progreso: 8500/31388 (27.1%) - Insertados: 0, Actualizados: 8500
2026-04-22 16:02:22,452 - INFO - Progreso: 8600/31388 (27.4%) - Insertados: 0, Actualizados: 8600
2026-04-22 16:02:38,749 - INFO - Progreso: 8700/31388 (27.7%) - Insertados: 0, Actualizados: 8700
2026-04-22 16:02:54,791 - INFO - Progreso: 8800/31388 (28.0%) - Insertados: 0, Actualizados: 8800
2026-04-22 16:03:11,730 - INFO - Progreso: 8900/31388 (28.4%) - Insertados: 0, Actualizados: 8900
2026-04-22 16:03:27,772 - INFO - Progreso: 9000/31388 (28.7%) - Insertados: 0, Actualizados: 9000
2026-04-22 16:03:44,043 - INFO - Progreso: 9100/31388 (29.0%) - Insertados: 0, Actualizados: 9100
2026-04-22 16:04:01,534 - INFO - Progreso: 9200/31388 (29.3%) - Insertados: 0, Actualizados: 9200
2026-04-22 16:04:19,288 - INFO - Progreso: 9300/31388 (29.6%) - Insertados: 0, Actualizados: 9300
2026-04-22 16:04:37,668 - INFO - Progreso: 9400/31388 (29.9%) - Insertados: 0, Actualizados: 9400
2026-04-22 16:04:54,243 - INFO - Progreso: 9500/31388 (30.3%) - Insertados: 0, Actualizados: 9500
2026-04-22 16:05:10,625 - INFO - Progreso: 9600/31388 (30.6%) - Insertados: 0, Actualizados: 9600
2026-04-22 16:05:27,004 - INFO - Progreso: 9700/31388 (30.9%) - Insertados: 0, Actualizados: 9700
2026-04-22 16:05:44,226 - INFO - Progreso: 9800/31388 (31.2%) - Insertados: 0, Actualizados: 9800
2026-04-22 16:06:01,041 - INFO - Progreso: 9900/31388 (31.5%) - Insertados: 0, Actualizados: 9900
2026-04-22 16:06:17,247 - INFO - Progreso: 10000/31388 (31.9%) - Insertados: 0, Actualizados: 10000
2026-04-22 16:06:37,094 - INFO - Progreso: 10100/31388 (32.2%) - Insertados: 0, Actualizados: 10100
2026-04-22 16:06:58,716 - INFO - Progreso: 10200/31388 (32.5%) - Insertados: 0, Actualizados: 10200
2026-04-22 16:07:19,470 - INFO - Progreso: 10300/31388 (32.8%) - Insertados: 0, Actualizados: 10300
2026-04-22 16:07:39,683 - INFO - Progreso: 10400/31388 (33.1%) - Insertados: 0, Actualizados: 10400
2026-04-22 16:08:01,052 - INFO - Progreso: 10500/31388 (33.5%) - Insertados: 0, Actualizados: 10500
2026-04-22 16:08:25,058 - INFO - Progreso: 10600/31388 (33.8%) - Insertados: 0, Actualizados: 10600
2026-04-22 16:08:42,090 - INFO - Progreso: 10700/31388 (34.1%) - Insertados: 0, Actualizados: 10700
2026-04-22 16:08:59,583 - INFO - Progreso: 10800/31388 (34.4%) - Insertados: 0, Actualizados: 10800
2026-04-22 16:09:16,897 - INFO - Progreso: 10900/31388 (34.7%) - Insertados: 0, Actualizados: 10900
2026-04-22 16:09:33,011 - INFO - Progreso: 11000/31388 (35.0%) - Insertados: 0, Actualizados: 11000
2026-04-22 16:09:49,065 - INFO - Progreso: 11100/31388 (35.4%) - Insertados: 0, Actualizados: 11100
2026-04-22 16:10:05,298 - INFO - Progreso: 11200/31388 (35.7%) - Insertados: 0, Actualizados: 11200
2026-04-22 16:10:21,482 - INFO - Progreso: 11300/31388 (36.0%) - Insertados: 0, Actualizados: 11300
2026-04-22 16:10:37,791 - INFO - Progreso: 11400/31388 (36.3%) - Insertados: 0, Actualizados: 11400
2026-04-22 16:10:54,027 - INFO - Progreso: 11500/31388 (36.6%) - Insertados: 0, Actualizados: 11500
2026-04-22 16:11:10,572 - INFO - Progreso: 11600/31388 (37.0%) - Insertados: 0, Actualizados: 11600
2026-04-22 16:11:27,969 - INFO - Progreso: 11700/31388 (37.3%) - Insertados: 0, Actualizados: 11700
2026-04-22 16:11:45,581 - INFO - Progreso: 11800/31388 (37.6%) - Insertados: 0, Actualizados: 11800
2026-04-22 16:12:02,808 - INFO - Progreso: 11900/31388 (37.9%) - Insertados: 0, Actualizados: 11900
2026-04-22 16:12:18,952 - INFO - Progreso: 12000/31388 (38.2%) - Insertados: 0, Actualizados: 12000
2026-04-22 16:12:37,262 - INFO - Progreso: 12100/31388 (38.5%) - Insertados: 0, Actualizados: 12100
2026-04-22 16:12:54,894 - INFO - Progreso: 12200/31388 (38.9%) - Insertados: 0, Actualizados: 12200
2026-04-22 16:13:11,127 - INFO - Progreso: 12300/31388 (39.2%) - Insertados: 0, Actualizados: 12300
2026-04-22 16:13:27,313 - INFO - Progreso: 12400/31388 (39.5%) - Insertados: 0, Actualizados: 12400
2026-04-22 16:13:43,537 - INFO - Progreso: 12500/31388 (39.8%) - Insertados: 0, Actualizados: 12500
2026-04-22 16:14:00,064 - INFO - Progreso: 12600/31388 (40.1%) - Insertados: 0, Actualizados: 12600
2026-04-22 16:14:16,598 - INFO - Progreso: 12700/31388 (40.5%) - Insertados: 0, Actualizados: 12700
2026-04-22 16:14:34,637 - INFO - Progreso: 12800/31388 (40.8%) - Insertados: 0, Actualizados: 12800
2026-04-22 16:14:52,231 - INFO - Progreso: 12900/31388 (41.1%) - Insertados: 0, Actualizados: 12900
2026-04-22 16:15:10,319 - INFO - Progreso: 13000/31388 (41.4%) - Insertados: 0, Actualizados: 13000
2026-04-22 16:15:28,108 - INFO - Progreso: 13100/31388 (41.7%) - Insertados: 0, Actualizados: 13100
2026-04-22 16:15:44,641 - INFO - Progreso: 13200/31388 (42.1%) - Insertados: 0, Actualizados: 13200
2026-04-22 16:16:02,683 - INFO - Progreso: 13300/31388 (42.4%) - Insertados: 0, Actualizados: 13300
2026-04-22 16:16:20,454 - INFO - Progreso: 13400/31388 (42.7%) - Insertados: 0, Actualizados: 13400
2026-04-22 16:16:37,935 - INFO - Progreso: 13500/31388 (43.0%) - Insertados: 0, Actualizados: 13500
2026-04-22 16:16:55,266 - INFO - Progreso: 13600/31388 (43.3%) - Insertados: 0, Actualizados: 13600
2026-04-22 16:17:15,248 - INFO - Progreso: 13700/31388 (43.6%) - Insertados: 0, Actualizados: 13700
2026-04-22 16:17:31,739 - INFO - Progreso: 13800/31388 (44.0%) - Insertados: 0, Actualizados: 13800
2026-04-22 16:17:52,160 - INFO - Progreso: 13900/31388 (44.3%) - Insertados: 0, Actualizados: 13900
2026-04-22 16:18:08,395 - INFO - Progreso: 14000/31388 (44.6%) - Insertados: 0, Actualizados: 14000
2026-04-22 16:18:24,423 - INFO - Progreso: 14100/31388 (44.9%) - Insertados: 0, Actualizados: 14100
2026-04-22 16:18:48,572 - INFO - Progreso: 14200/31388 (45.2%) - Insertados: 0, Actualizados: 14200
2026-04-22 16:19:06,217 - INFO - Progreso: 14300/31388 (45.6%) - Insertados: 0, Actualizados: 14300
2026-04-22 16:19:22,240 - INFO - Progreso: 14400/31388 (45.9%) - Insertados: 0, Actualizados: 14400
2026-04-22 16:19:38,556 - INFO - Progreso: 14500/31388 (46.2%) - Insertados: 0, Actualizados: 14500
2026-04-22 16:19:55,532 - INFO - Progreso: 14600/31388 (46.5%) - Insertados: 0, Actualizados: 14600
2026-04-22 16:20:11,520 - INFO - Progreso: 14700/31388 (46.8%) - Insertados: 0, Actualizados: 14700
2026-04-22 16:20:27,532 - INFO - Progreso: 14800/31388 (47.2%) - Insertados: 0, Actualizados: 14800
2026-04-22 16:20:44,616 - INFO - Progreso: 14900/31388 (47.5%) - Insertados: 0, Actualizados: 14900
2026-04-22 16:21:00,711 - INFO - Progreso: 15000/31388 (47.8%) - Insertados: 0, Actualizados: 15000
2026-04-22 16:21:17,811 - INFO - Progreso: 15100/31388 (48.1%) - Insertados: 0, Actualizados: 15100
2026-04-22 16:21:35,315 - INFO - Progreso: 15200/31388 (48.4%) - Insertados: 0, Actualizados: 15200
2026-04-22 16:21:52,278 - INFO - Progreso: 15300/31388 (48.7%) - Insertados: 0, Actualizados: 15300
2026-04-22 16:22:08,241 - INFO - Progreso: 15400/31388 (49.1%) - Insertados: 0, Actualizados: 15400
2026-04-22 16:22:24,560 - INFO - Progreso: 15500/31388 (49.4%) - Insertados: 1, Actualizados: 15499
2026-04-22 16:22:41,427 - INFO - Progreso: 15600/31388 (49.7%) - Insertados: 1, Actualizados: 15599
2026-04-22 16:23:00,664 - INFO - Progreso: 15700/31388 (50.0%) - Insertados: 1, Actualizados: 15699
2026-04-22 16:23:17,646 - INFO - Progreso: 15800/31388 (50.3%) - Insertados: 1, Actualizados: 15799
2026-04-22 16:23:34,107 - INFO - Progreso: 15900/31388 (50.7%) - Insertados: 1, Actualizados: 15899
2026-04-22 16:23:51,141 - INFO - Progreso: 16000/31388 (51.0%) - Insertados: 1, Actualizados: 15999
2026-04-22 16:24:07,479 - INFO - Progreso: 16100/31388 (51.3%) - Insertados: 1, Actualizados: 16099
2026-04-22 16:24:24,521 - INFO - Progreso: 16200/31388 (51.6%) - Insertados: 2, Actualizados: 16198
2026-04-22 16:24:40,931 - INFO - Progreso: 16300/31388 (51.9%) - Insertados: 2, Actualizados: 16298
2026-04-22 16:24:57,402 - INFO - Progreso: 16400/31388 (52.2%) - Insertados: 2, Actualizados: 16398
2026-04-22 16:25:14,200 - INFO - Progreso: 16500/31388 (52.6%) - Insertados: 2, Actualizados: 16498
2026-04-22 16:25:30,677 - INFO - Progreso: 16600/31388 (52.9%) - Insertados: 2, Actualizados: 16598
2026-04-22 16:25:47,100 - INFO - Progreso: 16700/31388 (53.2%) - Insertados: 2, Actualizados: 16698
2026-04-22 16:26:03,879 - INFO - Progreso: 16800/31388 (53.5%) - Insertados: 2, Actualizados: 16798
2026-04-22 16:26:20,222 - INFO - Progreso: 16900/31388 (53.8%) - Insertados: 2, Actualizados: 16898
2026-04-22 16:26:36,322 - INFO - Progreso: 17000/31388 (54.2%) - Insertados: 2, Actualizados: 16998
2026-04-22 16:26:55,017 - INFO - Progreso: 17100/31388 (54.5%) - Insertados: 2, Actualizados: 17098
2026-04-22 16:27:11,512 - INFO - Progreso: 17200/31388 (54.8%) - Insertados: 2, Actualizados: 17198
2026-04-22 16:27:27,423 - INFO - Progreso: 17300/31388 (55.1%) - Insertados: 2, Actualizados: 17298
2026-04-22 16:27:43,522 - INFO - Progreso: 17400/31388 (55.4%) - Insertados: 2, Actualizados: 17398
2026-04-22 16:27:59,761 - INFO - Progreso: 17500/31388 (55.8%) - Insertados: 2, Actualizados: 17498
2026-04-22 16:28:16,772 - INFO - Progreso: 17600/31388 (56.1%) - Insertados: 2, Actualizados: 17598
2026-04-22 16:28:36,877 - INFO - Progreso: 17700/31388 (56.4%) - Insertados: 2, Actualizados: 17698
2026-04-22 16:28:53,554 - INFO - Progreso: 17800/31388 (56.7%) - Insertados: 2, Actualizados: 17798
2026-04-22 16:29:12,217 - INFO - Progreso: 17900/31388 (57.0%) - Insertados: 2, Actualizados: 17898
2026-04-22 16:29:29,039 - INFO - Progreso: 18000/31388 (57.3%) - Insertados: 2, Actualizados: 17998
2026-04-22 16:29:46,319 - INFO - Progreso: 18100/31388 (57.7%) - Insertados: 2, Actualizados: 18098
2026-04-22 16:30:05,629 - INFO - Progreso: 18200/31388 (58.0%) - Insertados: 2, Actualizados: 18198
2026-04-22 16:30:23,188 - INFO - Progreso: 18300/31388 (58.3%) - Insertados: 2, Actualizados: 18298
2026-04-22 16:30:45,627 - INFO - Progreso: 18400/31388 (58.6%) - Insertados: 2, Actualizados: 18398
2026-04-22 16:31:01,947 - INFO - Progreso: 18500/31388 (58.9%) - Insertados: 2, Actualizados: 18498
2026-04-22 16:31:19,317 - INFO - Progreso: 18600/31388 (59.3%) - Insertados: 2, Actualizados: 18598
2026-04-22 16:31:35,897 - INFO - Progreso: 18700/31388 (59.6%) - Insertados: 2, Actualizados: 18698
2026-04-22 16:31:52,437 - INFO - Progreso: 18800/31388 (59.9%) - Insertados: 2, Actualizados: 18798
2026-04-22 16:32:11,318 - INFO - Progreso: 18900/31388 (60.2%) - Insertados: 2, Actualizados: 18898
2026-04-22 16:32:27,401 - INFO - Progreso: 19000/31388 (60.5%) - Insertados: 2, Actualizados: 18998
2026-04-22 16:32:43,784 - INFO - Progreso: 19100/31388 (60.9%) - Insertados: 2, Actualizados: 19098
2026-04-22 16:33:02,377 - INFO - Progreso: 19200/31388 (61.2%) - Insertados: 2, Actualizados: 19198
2026-04-22 16:33:22,542 - INFO - Progreso: 19300/31388 (61.5%) - Insertados: 2, Actualizados: 19298
2026-04-22 16:33:39,219 - INFO - Progreso: 19400/31388 (61.8%) - Insertados: 7, Actualizados: 19393
2026-04-22 16:33:55,300 - INFO - Progreso: 19500/31388 (62.1%) - Insertados: 7, Actualizados: 19493
2026-04-22 16:34:11,231 - INFO - Progreso: 19600/31388 (62.4%) - Insertados: 7, Actualizados: 19593
2026-04-22 16:34:27,615 - INFO - Progreso: 19700/31388 (62.8%) - Insertados: 7, Actualizados: 19693
2026-04-22 16:34:45,478 - INFO - Progreso: 19800/31388 (63.1%) - Insertados: 7, Actualizados: 19793
2026-04-22 16:35:01,638 - INFO - Progreso: 19900/31388 (63.4%) - Insertados: 7, Actualizados: 19893
2026-04-22 16:35:17,789 - INFO - Progreso: 20000/31388 (63.7%) - Insertados: 7, Actualizados: 19993
2026-04-22 16:35:34,034 - INFO - Progreso: 20100/31388 (64.0%) - Insertados: 7, Actualizados: 20093
2026-04-22 16:35:50,771 - INFO - Progreso: 20200/31388 (64.4%) - Insertados: 7, Actualizados: 20193
2026-04-22 16:36:10,982 - INFO - Progreso: 20300/31388 (64.7%) - Insertados: 7, Actualizados: 20293
2026-04-22 16:36:31,352 - INFO - Progreso: 20400/31388 (65.0%) - Insertados: 7, Actualizados: 20393
2026-04-22 16:36:59,907 - INFO - Progreso: 20500/31388 (65.3%) - Insertados: 7, Actualizados: 20493
2026-04-22 16:37:16,172 - INFO - Progreso: 20600/31388 (65.6%) - Insertados: 12, Actualizados: 20588
2026-04-22 16:37:32,237 - INFO - Progreso: 20700/31388 (65.9%) - Insertados: 17, Actualizados: 20683
2026-04-22 16:37:48,560 - INFO - Progreso: 20800/31388 (66.3%) - Insertados: 17, Actualizados: 20783
2026-04-22 16:38:04,873 - INFO - Progreso: 20900/31388 (66.6%) - Insertados: 17, Actualizados: 20883
2026-04-22 16:38:21,742 - INFO - Progreso: 21000/31388 (66.9%) - Insertados: 17, Actualizados: 20983
2026-04-22 16:38:37,990 - INFO - Progreso: 21100/31388 (67.2%) - Insertados: 17, Actualizados: 21083
2026-04-22 16:38:54,688 - INFO - Progreso: 21200/31388 (67.5%) - Insertados: 17, Actualizados: 21183
2026-04-22 16:39:10,897 - INFO - Progreso: 21300/31388 (67.9%) - Insertados: 17, Actualizados: 21283
2026-04-22 16:39:27,541 - INFO - Progreso: 21400/31388 (68.2%) - Insertados: 17, Actualizados: 21383
2026-04-22 16:39:43,845 - INFO - Progreso: 21500/31388 (68.5%) - Insertados: 17, Actualizados: 21483
2026-04-22 16:40:00,697 - INFO - Progreso: 21600/31388 (68.8%) - Insertados: 17, Actualizados: 21583
2026-04-22 16:40:16,747 - INFO - Progreso: 21700/31388 (69.1%) - Insertados: 17, Actualizados: 21683
2026-04-22 16:40:33,349 - INFO - Progreso: 21800/31388 (69.5%) - Insertados: 17, Actualizados: 21783
2026-04-22 16:40:49,537 - INFO - Progreso: 21900/31388 (69.8%) - Insertados: 17, Actualizados: 21883
2026-04-22 16:41:06,860 - INFO - Progreso: 22000/31388 (70.1%) - Insertados: 17, Actualizados: 21983
2026-04-22 16:41:23,815 - INFO - Progreso: 22100/31388 (70.4%) - Insertados: 17, Actualizados: 22083
2026-04-22 16:41:40,142 - INFO - Progreso: 22200/31388 (70.7%) - Insertados: 17, Actualizados: 22183
2026-04-22 16:41:56,897 - INFO - Progreso: 22300/31388 (71.0%) - Insertados: 17, Actualizados: 22283
2026-04-22 16:42:13,301 - INFO - Progreso: 22400/31388 (71.4%) - Insertados: 17, Actualizados: 22383
2026-04-22 16:42:29,699 - INFO - Progreso: 22500/31388 (71.7%) - Insertados: 17, Actualizados: 22483
2026-04-22 16:42:46,792 - INFO - Progreso: 22600/31388 (72.0%) - Insertados: 17, Actualizados: 22583
2026-04-22 16:43:03,077 - INFO - Progreso: 22700/31388 (72.3%) - Insertados: 17, Actualizados: 22683
2026-04-22 16:43:19,300 - INFO - Progreso: 22800/31388 (72.6%) - Insertados: 17, Actualizados: 22783
2026-04-22 16:43:35,487 - INFO - Progreso: 22900/31388 (73.0%) - Insertados: 17, Actualizados: 22883
2026-04-22 16:43:51,913 - INFO - Progreso: 23000/31388 (73.3%) - Insertados: 17, Actualizados: 22983
2026-04-22 16:44:07,900 - INFO - Progreso: 23100/31388 (73.6%) - Insertados: 17, Actualizados: 23083
2026-04-22 16:44:24,220 - INFO - Progreso: 23200/31388 (73.9%) - Insertados: 17, Actualizados: 23183
2026-04-22 16:44:40,455 - INFO - Progreso: 23300/31388 (74.2%) - Insertados: 17, Actualizados: 23283
2026-04-22 16:44:56,772 - INFO - Progreso: 23400/31388 (74.6%) - Insertados: 17, Actualizados: 23383
2026-04-22 16:45:13,467 - INFO - Progreso: 23500/31388 (74.9%) - Insertados: 17, Actualizados: 23483
2026-04-22 16:45:29,731 - INFO - Progreso: 23600/31388 (75.2%) - Insertados: 17, Actualizados: 23583
2026-04-22 16:45:45,778 - INFO - Progreso: 23700/31388 (75.5%) - Insertados: 17, Actualizados: 23683
2026-04-22 16:46:01,729 - INFO - Progreso: 23800/31388 (75.8%) - Insertados: 17, Actualizados: 23783
2026-04-22 16:46:17,678 - INFO - Progreso: 23900/31388 (76.1%) - Insertados: 17, Actualizados: 23883
2026-04-22 16:46:33,561 - INFO - Progreso: 24000/31388 (76.5%) - Insertados: 17, Actualizados: 23983
2026-04-22 16:46:49,691 - INFO - Progreso: 24100/31388 (76.8%) - Insertados: 17, Actualizados: 24083
2026-04-22 16:47:05,957 - INFO - Progreso: 24200/31388 (77.1%) - Insertados: 17, Actualizados: 24183
2026-04-22 16:47:23,629 - INFO - Progreso: 24300/31388 (77.4%) - Insertados: 17, Actualizados: 24283
2026-04-22 16:47:43,811 - INFO - Progreso: 24400/31388 (77.7%) - Insertados: 17, Actualizados: 24383
2026-04-22 16:48:00,068 - INFO - Progreso: 24500/31388 (78.1%) - Insertados: 17, Actualizados: 24483
2026-04-22 16:48:17,696 - INFO - Progreso: 24600/31388 (78.4%) - Insertados: 17, Actualizados: 24583
2026-04-22 16:48:46,696 - INFO - Progreso: 24700/31388 (78.7%) - Insertados: 17, Actualizados: 24683
2026-04-22 16:49:14,335 - INFO - Progreso: 24800/31388 (79.0%) - Insertados: 17, Actualizados: 24783
2026-04-22 16:49:30,768 - INFO - Progreso: 24900/31388 (79.3%) - Insertados: 17, Actualizados: 24883
2026-04-22 16:49:56,285 - INFO - Progreso: 25000/31388 (79.6%) - Insertados: 17, Actualizados: 24983
2026-04-22 16:50:14,982 - INFO - Progreso: 25100/31388 (80.0%) - Insertados: 17, Actualizados: 25083
2026-04-22 16:50:39,067 - INFO - Progreso: 25200/31388 (80.3%) - Insertados: 17, Actualizados: 25183
2026-04-22 16:50:58,636 - INFO - Progreso: 25300/31388 (80.6%) - Insertados: 17, Actualizados: 25283
2026-04-22 16:51:15,004 - INFO - Progreso: 25400/31388 (80.9%) - Insertados: 17, Actualizados: 25383
2026-04-22 16:51:32,477 - INFO - Progreso: 25500/31388 (81.2%) - Insertados: 17, Actualizados: 25483
2026-04-22 16:51:48,631 - INFO - Progreso: 25600/31388 (81.6%) - Insertados: 17, Actualizados: 25583
2026-04-22 16:52:05,471 - INFO - Progreso: 25700/31388 (81.9%) - Insertados: 17, Actualizados: 25683
2026-04-22 16:52:21,993 - INFO - Progreso: 25800/31388 (82.2%) - Insertados: 17, Actualizados: 25783
2026-04-22 16:52:38,112 - INFO - Progreso: 25900/31388 (82.5%) - Insertados: 17, Actualizados: 25883
2026-04-22 16:52:54,218 - INFO - Progreso: 26000/31388 (82.8%) - Insertados: 17, Actualizados: 25983
2026-04-22 16:53:10,355 - INFO - Progreso: 26100/31388 (83.2%) - Insertados: 17, Actualizados: 26083
2026-04-22 16:53:26,753 - INFO - Progreso: 26200/31388 (83.5%) - Insertados: 17, Actualizados: 26183
2026-04-22 16:53:43,654 - INFO - Progreso: 26300/31388 (83.8%) - Insertados: 17, Actualizados: 26283
2026-04-22 16:54:00,453 - INFO - Progreso: 26400/31388 (84.1%) - Insertados: 17, Actualizados: 26383
2026-04-22 16:54:17,235 - INFO - Progreso: 26500/31388 (84.4%) - Insertados: 17, Actualizados: 26483
2026-04-22 16:54:33,595 - INFO - Progreso: 26600/31388 (84.7%) - Insertados: 17, Actualizados: 26583
2026-04-22 16:54:50,343 - INFO - Progreso: 26700/31388 (85.1%) - Insertados: 17, Actualizados: 26683
2026-04-22 16:55:07,937 - INFO - Progreso: 26800/31388 (85.4%) - Insertados: 17, Actualizados: 26783
2026-04-22 16:55:24,643 - INFO - Progreso: 26900/31388 (85.7%) - Insertados: 17, Actualizados: 26883
2026-04-22 16:55:43,065 - INFO - Progreso: 27000/31388 (86.0%) - Insertados: 17, Actualizados: 26983
2026-04-22 16:55:59,287 - INFO - Progreso: 27100/31388 (86.3%) - Insertados: 22, Actualizados: 27078
2026-04-22 16:56:15,675 - INFO - Progreso: 27200/31388 (86.7%) - Insertados: 22, Actualizados: 27178
2026-04-22 16:56:31,719 - INFO - Progreso: 27300/31388 (87.0%) - Insertados: 39, Actualizados: 27261
2026-04-22 16:56:48,125 - INFO - Progreso: 27400/31388 (87.3%) - Insertados: 42, Actualizados: 27358
2026-04-22 16:57:04,266 - INFO - Progreso: 27500/31388 (87.6%) - Insertados: 47, Actualizados: 27453
2026-04-22 16:57:20,795 - INFO - Progreso: 27600/31388 (87.9%) - Insertados: 47, Actualizados: 27553
2026-04-22 16:57:36,775 - INFO - Progreso: 27700/31388 (88.3%) - Insertados: 52, Actualizados: 27648
2026-04-22 16:57:52,768 - INFO - Progreso: 27800/31388 (88.6%) - Insertados: 62, Actualizados: 27738
2026-04-22 16:58:10,051 - INFO - Progreso: 27900/31388 (88.9%) - Insertados: 67, Actualizados: 27833
2026-04-22 16:58:27,193 - INFO - Progreso: 28000/31388 (89.2%) - Insertados: 67, Actualizados: 27933
2026-04-22 16:58:44,498 - INFO - Progreso: 28100/31388 (89.5%) - Insertados: 67, Actualizados: 28033
2026-04-22 16:59:03,513 - INFO - Progreso: 28200/31388 (89.8%) - Insertados: 67, Actualizados: 28133
2026-04-22 16:59:20,309 - INFO - Progreso: 28300/31388 (90.2%) - Insertados: 67, Actualizados: 28233
2026-04-22 16:59:37,847 - INFO - Progreso: 28400/31388 (90.5%) - Insertados: 67, Actualizados: 28333
2026-04-22 16:59:56,274 - INFO - Progreso: 28500/31388 (90.8%) - Insertados: 77, Actualizados: 28423
2026-04-22 17:00:12,591 - INFO - Progreso: 28600/31388 (91.1%) - Insertados: 79, Actualizados: 28521
2026-04-22 17:00:29,034 - INFO - Progreso: 28700/31388 (91.4%) - Insertados: 79, Actualizados: 28621
2026-04-22 17:00:46,407 - INFO - Progreso: 28800/31388 (91.8%) - Insertados: 79, Actualizados: 28721
2026-04-22 17:01:06,181 - INFO - Progreso: 28900/31388 (92.1%) - Insertados: 79, Actualizados: 28821
2026-04-22 17:01:22,433 - INFO - Progreso: 29000/31388 (92.4%) - Insertados: 89, Actualizados: 28911
2026-04-22 17:01:40,037 - INFO - Progreso: 29100/31388 (92.7%) - Insertados: 89, Actualizados: 29011
2026-04-22 17:01:56,179 - INFO - Progreso: 29200/31388 (93.0%) - Insertados: 89, Actualizados: 29111
2026-04-22 17:02:12,224 - INFO - Progreso: 29300/31388 (93.3%) - Insertados: 89, Actualizados: 29211
2026-04-22 17:02:28,447 - INFO - Progreso: 29400/31388 (93.7%) - Insertados: 89, Actualizados: 29311
2026-04-22 17:02:44,854 - INFO - Progreso: 29500/31388 (94.0%) - Insertados: 89, Actualizados: 29411
2026-04-22 17:03:01,110 - INFO - Progreso: 29600/31388 (94.3%) - Insertados: 89, Actualizados: 29511
2026-04-22 17:03:17,280 - INFO - Progreso: 29700/31388 (94.6%) - Insertados: 94, Actualizados: 29606
2026-04-22 17:03:33,875 - INFO - Progreso: 29800/31388 (94.9%) - Insertados: 94, Actualizados: 29706
2026-04-22 17:03:50,468 - INFO - Progreso: 29900/31388 (95.3%) - Insertados: 94, Actualizados: 29806
2026-04-22 17:04:11,749 - INFO - Progreso: 30000/31388 (95.6%) - Insertados: 94, Actualizados: 29906
2026-04-22 17:04:29,682 - INFO - Progreso: 30100/31388 (95.9%) - Insertados: 94, Actualizados: 30006
2026-04-22 17:04:50,088 - INFO - Progreso: 30200/31388 (96.2%) - Insertados: 94, Actualizados: 30106
2026-04-22 17:05:07,725 - INFO - Progreso: 30300/31388 (96.5%) - Insertados: 94, Actualizados: 30206
2026-04-22 17:05:25,196 - INFO - Progreso: 30400/31388 (96.9%) - Insertados: 94, Actualizados: 30306
2026-04-22 17:05:42,789 - INFO - Progreso: 30500/31388 (97.2%) - Insertados: 94, Actualizados: 30406
2026-04-22 17:05:59,353 - INFO - Progreso: 30600/31388 (97.5%) - Insertados: 94, Actualizados: 30506
2026-04-22 17:06:16,622 - INFO - Progreso: 30700/31388 (97.8%) - Insertados: 94, Actualizados: 30606
2026-04-22 17:06:33,281 - INFO - Progreso: 30800/31388 (98.1%) - Insertados: 94, Actualizados: 30706
2026-04-22 17:06:50,039 - INFO - Progreso: 30900/31388 (98.4%) - Insertados: 94, Actualizados: 30806
2026-04-22 17:07:06,327 - INFO - Progreso: 31000/31388 (98.8%) - Insertados: 94, Actualizados: 30906
2026-04-22 17:07:22,560 - INFO - Progreso: 31100/31388 (99.1%) - Insertados: 94, Actualizados: 31006
2026-04-22 17:07:38,949 - INFO - Progreso: 31200/31388 (99.4%) - Insertados: 94, Actualizados: 31106
2026-04-22 17:07:55,562 - INFO - Progreso: 31300/31388 (99.7%) - Insertados: 94, Actualizados: 31206
2026-04-22 17:08:10,195 - INFO - 
================================================================================
2026-04-22 17:08:10,196 - INFO - RESUMEN DE IMPORTACIÓN DE PRECIOS
2026-04-22 17:08:10,196 - INFO - ================================================================================
2026-04-22 17:08:10,197 - INFO - Archivo procesado: ITM1.xlsx
2026-04-22 17:08:10,197 - INFO - Total registros en Excel: 31388
2026-04-22 17:08:10,198 - INFO - Nuevos insertados: 94
2026-04-22 17:08:10,198 - INFO - Actualizados: 31294
2026-04-22 17:08:10,198 - INFO - Errores: 0
2026-04-22 17:08:10,198 - INFO - Procesados exitosamente: 31388
2026-04-22 17:08:10,199 - INFO - Tasa de éxito: 100.00%
2026-04-22 17:08:10,199 - INFO - Tiempo total: 5447.60 segundos
2026-04-22 17:08:10,199 - INFO - Velocidad: 5.76 registros/segundo
2026-04-22 17:08:10,199 - INFO - 
Archivos de log generados:
2026-04-22 17:08:10,199 - INFO -   - Log general: importacion_precios_20260422_153722.log
2026-04-22 17:08:10,199 - INFO -   - Log de errores: errores_precios_20260422_153722.log
2026-04-22 17:08:10,199 - INFO - ================================================================================
2026-04-22 17:08:10,199 - INFO - ✓ Proceso completado sin errores
2026-04-22 17:08:10,347 - INFO - ✓ Conexión cerrada
