2026-02-13 14:37:41,495 - INFO - ================================================================================
2026-02-13 14:37:41,496 - INFO - INICIANDO PROCESO DE IMPORTACIÓN DE PRECIOS
2026-02-13 14:37:41,496 - INFO - ================================================================================
2026-02-13 14:37:41,496 - INFO - Buscando archivo Excel...
2026-02-13 14:37:41,496 - INFO - Directorio del script: C:\Convertidor\SAP_ITM1
2026-02-13 14:37:41,497 - INFO - Archivos Excel encontrados: ITM1.xlsx
2026-02-13 14:37:41,497 - INFO - Leyendo archivo: C:\Convertidor\SAP_ITM1\ITM1.xlsx
2026-02-13 14:37:43,363 - INFO - Registros encontrados: 25051
2026-02-13 14:37:43,364 - INFO - Columnas: PriceList, ItemCode, Price, Currency
2026-02-13 14:37:43,364 - INFO - Conectando a SQL Server...
2026-02-13 14:37:44,202 - INFO - ✓ Conexión establecida exitosamente
2026-02-13 14:37:44,270 - INFO - Procesando 25051 registros de precios...
2026-02-13 14:37:59,081 - INFO - Progreso: 100/25051 (0.4%) - Insertados: 0, Actualizados: 100
2026-02-13 14:38:13,924 - INFO - Progreso: 200/25051 (0.8%) - Insertados: 0, Actualizados: 200
2026-02-13 14:38:28,654 - INFO - Progreso: 300/25051 (1.2%) - Insertados: 0, Actualizados: 300
2026-02-13 14:38:43,462 - INFO - Progreso: 400/25051 (1.6%) - Insertados: 0, Actualizados: 400
2026-02-13 14:38:58,146 - INFO - Progreso: 500/25051 (2.0%) - Insertados: 0, Actualizados: 500
2026-02-13 14:39:12,958 - INFO - Progreso: 600/25051 (2.4%) - Insertados: 0, Actualizados: 600
2026-02-13 14:39:27,780 - INFO - Progreso: 700/25051 (2.8%) - Insertados: 0, Actualizados: 700
2026-02-13 14:39:42,708 - INFO - Progreso: 800/25051 (3.2%) - Insertados: 0, Actualizados: 800
2026-02-13 14:39:57,571 - INFO - Progreso: 900/25051 (3.6%) - Insertados: 0, Actualizados: 900
2026-02-13 14:40:12,428 - INFO - Progreso: 1000/25051 (4.0%) - Insertados: 0, Actualizados: 1000
2026-02-13 14:40:27,313 - INFO - Progreso: 1100/25051 (4.4%) - Insertados: 0, Actualizados: 1100
2026-02-13 14:40:42,144 - INFO - Progreso: 1200/25051 (4.8%) - Insertados: 0, Actualizados: 1200
2026-02-13 14:40:57,217 - INFO - Progreso: 1300/25051 (5.2%) - Insertados: 0, Actualizados: 1300
2026-02-13 14:41:12,031 - INFO - Progreso: 1400/25051 (5.6%) - Insertados: 0, Actualizados: 1400
2026-02-13 14:41:26,782 - INFO - Progreso: 1500/25051 (6.0%) - Insertados: 0, Actualizados: 1500
