2026-02-12 23:23:53,935 - INFO - ================================================================================
2026-02-12 23:23:53,936 - INFO - INICIANDO PROCESO DE IMPORTACIÓN DE PRECIOS
2026-02-12 23:23:53,936 - INFO - ================================================================================
2026-02-12 23:23:53,936 - INFO - Buscando archivo Excel...
2026-02-12 23:23:53,938 - INFO - Directorio del script: C:\Convertidor\SAP_ITM1
2026-02-12 23:23:53,938 - INFO - Archivos Excel encontrados: ITM1.xlsx
2026-02-12 23:23:53,940 - INFO - Leyendo archivo: C:\Convertidor\SAP_ITM1\ITM1.xlsx
2026-02-12 23:23:55,756 - INFO - Registros encontrados: 25051
2026-02-12 23:23:55,756 - INFO - Columnas: PriceList, ItemCode, Price, Currency
2026-02-12 23:23:55,756 - INFO - Conectando a SQL Server...
2026-02-12 23:23:56,600 - INFO - ✓ Conexión establecida exitosamente
2026-02-12 23:23:56,672 - INFO - Procesando 25051 registros de precios...
2026-02-12 23:24:11,408 - INFO - Progreso: 100/25051 (0.4%) - Insertados: 100, Actualizados: 0
2026-02-12 23:24:26,207 - INFO - Progreso: 200/25051 (0.8%) - Insertados: 200, Actualizados: 0
2026-02-12 23:24:41,074 - INFO - Progreso: 300/25051 (1.2%) - Insertados: 300, Actualizados: 0
2026-02-12 23:24:55,778 - INFO - Progreso: 400/25051 (1.6%) - Insertados: 400, Actualizados: 0
2026-02-12 23:25:11,102 - INFO - Progreso: 500/25051 (2.0%) - Insertados: 499, Actualizados: 1
2026-02-12 23:25:26,397 - INFO - Progreso: 600/25051 (2.4%) - Insertados: 597, Actualizados: 3
2026-02-12 23:25:41,567 - INFO - Progreso: 700/25051 (2.8%) - Insertados: 693, Actualizados: 7
2026-02-12 23:25:56,843 - INFO - Progreso: 800/25051 (3.2%) - Insertados: 793, Actualizados: 7
2026-02-12 23:26:11,958 - INFO - Progreso: 900/25051 (3.6%) - Insertados: 893, Actualizados: 7
2026-02-12 23:26:27,184 - INFO - Progreso: 1000/25051 (4.0%) - Insertados: 993, Actualizados: 7
2026-02-12 23:26:42,139 - INFO - Progreso: 1100/25051 (4.4%) - Insertados: 1093, Actualizados: 7
2026-02-12 23:26:57,460 - INFO - Progreso: 1200/25051 (4.8%) - Insertados: 1193, Actualizados: 7
2026-02-12 23:27:12,464 - INFO - Progreso: 1300/25051 (5.2%) - Insertados: 1293, Actualizados: 7
2026-02-12 23:27:27,226 - INFO - Progreso: 1400/25051 (5.6%) - Insertados: 1392, Actualizados: 8
2026-02-12 23:27:41,869 - INFO - Progreso: 1500/25051 (6.0%) - Insertados: 1492, Actualizados: 8
2026-02-12 23:27:56,512 - INFO - Progreso: 1600/25051 (6.4%) - Insertados: 1592, Actualizados: 8
2026-02-12 23:28:11,082 - INFO - Progreso: 1700/25051 (6.8%) - Insertados: 1692, Actualizados: 8
2026-02-12 23:28:25,651 - INFO - Progreso: 1800/25051 (7.2%) - Insertados: 1792, Actualizados: 8
2026-02-12 23:28:40,227 - INFO - Progreso: 1900/25051 (7.6%) - Insertados: 1892, Actualizados: 8
2026-02-12 23:28:54,821 - INFO - Progreso: 2000/25051 (8.0%) - Insertados: 1992, Actualizados: 8
2026-02-12 23:29:09,488 - INFO - Progreso: 2100/25051 (8.4%) - Insertados: 2092, Actualizados: 8
2026-02-12 23:29:24,149 - INFO - Progreso: 2200/25051 (8.8%) - Insertados: 2192, Actualizados: 8
2026-02-12 23:29:38,747 - INFO - Progreso: 2300/25051 (9.2%) - Insertados: 2292, Actualizados: 8
2026-02-12 23:29:53,336 - INFO - Progreso: 2400/25051 (9.6%) - Insertados: 2383, Actualizados: 17
2026-02-12 23:30:07,944 - INFO - Progreso: 2500/25051 (10.0%) - Insertados: 2483, Actualizados: 17
2026-02-12 23:30:22,631 - INFO - Progreso: 2600/25051 (10.4%) - Insertados: 2583, Actualizados: 17
2026-02-12 23:30:37,215 - INFO - Progreso: 2700/25051 (10.8%) - Insertados: 2683, Actualizados: 17
2026-02-12 23:30:51,773 - INFO - Progreso: 2800/25051 (11.2%) - Insertados: 2783, Actualizados: 17
2026-02-12 23:31:06,360 - INFO - Progreso: 2900/25051 (11.6%) - Insertados: 2883, Actualizados: 17
2026-02-12 23:31:20,961 - INFO - Progreso: 3000/25051 (12.0%) - Insertados: 2983, Actualizados: 17
2026-02-12 23:31:35,707 - INFO - Progreso: 3100/25051 (12.4%) - Insertados: 3083, Actualizados: 17
2026-02-12 23:31:50,404 - INFO - Progreso: 3200/25051 (12.8%) - Insertados: 3183, Actualizados: 17
2026-02-12 23:32:04,947 - INFO - Progreso: 3300/25051 (13.2%) - Insertados: 3259, Actualizados: 41
2026-02-12 23:32:27,140 - INFO - Progreso: 3400/25051 (13.6%) - Insertados: 3357, Actualizados: 43
2026-02-12 23:32:41,865 - INFO - Progreso: 3500/25051 (14.0%) - Insertados: 3457, Actualizados: 43
2026-02-12 23:32:56,640 - INFO - Progreso: 3600/25051 (14.4%) - Insertados: 3557, Actualizados: 43
2026-02-12 23:33:11,438 - INFO - Progreso: 3700/25051 (14.8%) - Insertados: 3657, Actualizados: 43
2026-02-12 23:33:26,147 - INFO - Progreso: 3800/25051 (15.2%) - Insertados: 3757, Actualizados: 43
2026-02-12 23:33:40,690 - INFO - Progreso: 3900/25051 (15.6%) - Insertados: 3857, Actualizados: 43
2026-02-12 23:33:55,350 - INFO - Progreso: 4000/25051 (16.0%) - Insertados: 3913, Actualizados: 87
2026-02-12 23:34:10,114 - INFO - Progreso: 4100/25051 (16.4%) - Insertados: 3941, Actualizados: 159
2026-02-12 23:34:24,731 - INFO - Progreso: 4200/25051 (16.8%) - Insertados: 4023, Actualizados: 177
2026-02-12 23:34:39,319 - INFO - Progreso: 4300/25051 (17.2%) - Insertados: 4123, Actualizados: 177
2026-02-12 23:34:53,884 - INFO - Progreso: 4400/25051 (17.6%) - Insertados: 4223, Actualizados: 177
2026-02-12 23:35:08,627 - INFO - Progreso: 4500/25051 (18.0%) - Insertados: 4323, Actualizados: 177
2026-02-12 23:35:23,244 - INFO - Progreso: 4600/25051 (18.4%) - Insertados: 4387, Actualizados: 213
2026-02-12 23:35:37,813 - INFO - Progreso: 4700/25051 (18.8%) - Insertados: 4460, Actualizados: 240
2026-02-12 23:35:52,497 - INFO - Progreso: 4800/25051 (19.2%) - Insertados: 4513, Actualizados: 287
2026-02-12 23:36:07,065 - INFO - Progreso: 4900/25051 (19.6%) - Insertados: 4606, Actualizados: 294
2026-02-12 23:36:21,601 - INFO - Progreso: 5000/25051 (20.0%) - Insertados: 4706, Actualizados: 294
2026-02-12 23:36:36,194 - INFO - Progreso: 5100/25051 (20.4%) - Insertados: 4806, Actualizados: 294
2026-02-12 23:36:50,809 - INFO - Progreso: 5200/25051 (20.8%) - Insertados: 4906, Actualizados: 294
2026-02-12 23:37:05,465 - INFO - Progreso: 5300/25051 (21.2%) - Insertados: 5006, Actualizados: 294
2026-02-12 23:37:20,092 - INFO - Progreso: 5400/25051 (21.6%) - Insertados: 5106, Actualizados: 294
2026-02-12 23:37:34,674 - INFO - Progreso: 5500/25051 (22.0%) - Insertados: 5163, Actualizados: 337
2026-02-12 23:37:49,506 - INFO - Progreso: 5600/25051 (22.4%) - Insertados: 5163, Actualizados: 437
2026-02-12 23:38:04,248 - INFO - Progreso: 5700/25051 (22.8%) - Insertados: 5188, Actualizados: 512
2026-02-12 23:38:19,016 - INFO - Progreso: 5800/25051 (23.2%) - Insertados: 5214, Actualizados: 586
2026-02-12 23:38:33,718 - INFO - Progreso: 5900/25051 (23.6%) - Insertados: 5286, Actualizados: 614
2026-02-12 23:38:48,350 - INFO - Progreso: 6000/25051 (24.0%) - Insertados: 5386, Actualizados: 614
2026-02-12 23:39:03,056 - INFO - Progreso: 6100/25051 (24.4%) - Insertados: 5486, Actualizados: 614
2026-02-12 23:39:17,647 - INFO - Progreso: 6200/25051 (24.7%) - Insertados: 5586, Actualizados: 614
2026-02-12 23:39:32,271 - INFO - Progreso: 6300/25051 (25.1%) - Insertados: 5686, Actualizados: 614
2026-02-12 23:39:46,961 - INFO - Progreso: 6400/25051 (25.5%) - Insertados: 5786, Actualizados: 614
2026-02-12 23:40:01,565 - INFO - Progreso: 6500/25051 (25.9%) - Insertados: 5851, Actualizados: 649
2026-02-12 23:40:16,029 - INFO - Progreso: 6600/25051 (26.3%) - Insertados: 5951, Actualizados: 649
2026-02-12 23:40:30,745 - INFO - Progreso: 6700/25051 (26.7%) - Insertados: 5981, Actualizados: 719
2026-02-12 23:40:45,498 - INFO - Progreso: 6800/25051 (27.1%) - Insertados: 6029, Actualizados: 771
2026-02-12 23:41:00,135 - INFO - Progreso: 6900/25051 (27.5%) - Insertados: 6112, Actualizados: 788
2026-02-12 23:41:14,779 - INFO - Progreso: 7000/25051 (27.9%) - Insertados: 6209, Actualizados: 791
2026-02-12 23:41:29,453 - INFO - Progreso: 7100/25051 (28.3%) - Insertados: 6309, Actualizados: 791
2026-02-12 23:41:44,205 - INFO - Progreso: 7200/25051 (28.7%) - Insertados: 6380, Actualizados: 820
2026-02-12 23:41:59,027 - INFO - Progreso: 7300/25051 (29.1%) - Insertados: 6418, Actualizados: 882
2026-02-12 23:42:13,725 - INFO - Progreso: 7400/25051 (29.5%) - Insertados: 6518, Actualizados: 882
2026-02-12 23:42:28,400 - INFO - Progreso: 7500/25051 (29.9%) - Insertados: 6618, Actualizados: 882
2026-02-12 23:42:43,007 - INFO - Progreso: 7600/25051 (30.3%) - Insertados: 6718, Actualizados: 882
2026-02-12 23:42:57,591 - INFO - Progreso: 7700/25051 (30.7%) - Insertados: 6818, Actualizados: 882
2026-02-12 23:43:12,393 - INFO - Progreso: 7800/25051 (31.1%) - Insertados: 6918, Actualizados: 882
2026-02-12 23:43:27,057 - INFO - Progreso: 7900/25051 (31.5%) - Insertados: 7018, Actualizados: 882
2026-02-12 23:43:41,660 - INFO - Progreso: 8000/25051 (31.9%) - Insertados: 7114, Actualizados: 886
2026-02-12 23:43:56,249 - INFO - Progreso: 8100/25051 (32.3%) - Insertados: 7214, Actualizados: 886
2026-02-12 23:44:10,930 - INFO - Progreso: 8200/25051 (32.7%) - Insertados: 7314, Actualizados: 886
2026-02-12 23:44:25,697 - INFO - Progreso: 8300/25051 (33.1%) - Insertados: 7414, Actualizados: 886
2026-02-12 23:44:40,453 - INFO - Progreso: 8400/25051 (33.5%) - Insertados: 7514, Actualizados: 886
2026-02-12 23:44:55,023 - INFO - Progreso: 8500/25051 (33.9%) - Insertados: 7614, Actualizados: 886
2026-02-12 23:45:09,666 - INFO - Progreso: 8600/25051 (34.3%) - Insertados: 7714, Actualizados: 886
2026-02-12 23:45:24,340 - INFO - Progreso: 8700/25051 (34.7%) - Insertados: 7814, Actualizados: 886
2026-02-12 23:45:38,969 - INFO - Progreso: 8800/25051 (35.1%) - Insertados: 7914, Actualizados: 886
2026-02-12 23:45:53,722 - INFO - Progreso: 8900/25051 (35.5%) - Insertados: 8014, Actualizados: 886
2026-02-12 23:46:08,461 - INFO - Progreso: 9000/25051 (35.9%) - Insertados: 8114, Actualizados: 886
2026-02-12 23:46:23,090 - INFO - Progreso: 9100/25051 (36.3%) - Insertados: 8196, Actualizados: 904
2026-02-12 23:46:37,719 - INFO - Progreso: 9200/25051 (36.7%) - Insertados: 8296, Actualizados: 904
2026-02-12 23:46:52,594 - INFO - Progreso: 9300/25051 (37.1%) - Insertados: 8396, Actualizados: 904
2026-02-12 23:47:07,311 - INFO - Progreso: 9400/25051 (37.5%) - Insertados: 8496, Actualizados: 904
2026-02-12 23:47:21,981 - INFO - Progreso: 9500/25051 (37.9%) - Insertados: 8596, Actualizados: 904
2026-02-12 23:47:36,652 - INFO - Progreso: 9600/25051 (38.3%) - Insertados: 8696, Actualizados: 904
2026-02-12 23:47:51,374 - INFO - Progreso: 9700/25051 (38.7%) - Insertados: 8796, Actualizados: 904
2026-02-12 23:48:06,739 - INFO - Progreso: 9800/25051 (39.1%) - Insertados: 8869, Actualizados: 931
2026-02-12 23:48:21,342 - INFO - Progreso: 9900/25051 (39.5%) - Insertados: 8936, Actualizados: 964
2026-02-12 23:48:35,944 - INFO - Progreso: 10000/25051 (39.9%) - Insertados: 9020, Actualizados: 980
2026-02-12 23:48:50,546 - INFO - Progreso: 10100/25051 (40.3%) - Insertados: 9120, Actualizados: 980
2026-02-12 23:49:05,266 - INFO - Progreso: 10200/25051 (40.7%) - Insertados: 9220, Actualizados: 980
2026-02-12 23:49:19,917 - INFO - Progreso: 10300/25051 (41.1%) - Insertados: 9320, Actualizados: 980
2026-02-12 23:49:34,495 - INFO - Progreso: 10400/25051 (41.5%) - Insertados: 9398, Actualizados: 1002
2026-02-12 23:49:49,207 - INFO - Progreso: 10500/25051 (41.9%) - Insertados: 9461, Actualizados: 1039
2026-02-12 23:50:03,992 - INFO - Progreso: 10600/25051 (42.3%) - Insertados: 9499, Actualizados: 1101
2026-02-12 23:50:18,718 - INFO - Progreso: 10700/25051 (42.7%) - Insertados: 9559, Actualizados: 1141
2026-02-12 23:50:33,279 - INFO - Progreso: 10800/25051 (43.1%) - Insertados: 9658, Actualizados: 1142
2026-02-12 23:50:47,873 - INFO - Progreso: 10900/25051 (43.5%) - Insertados: 9758, Actualizados: 1142
2026-02-12 23:51:02,515 - INFO - Progreso: 11000/25051 (43.9%) - Insertados: 9858, Actualizados: 1142
2026-02-12 23:51:17,095 - INFO - Progreso: 11100/25051 (44.3%) - Insertados: 9958, Actualizados: 1142
2026-02-12 23:51:31,652 - INFO - Progreso: 11200/25051 (44.7%) - Insertados: 10057, Actualizados: 1143
2026-02-12 23:51:46,614 - INFO - Progreso: 11300/25051 (45.1%) - Insertados: 10057, Actualizados: 1243
2026-02-12 23:52:01,475 - INFO - Progreso: 11400/25051 (45.5%) - Insertados: 10081, Actualizados: 1319
2026-02-12 23:52:16,336 - INFO - Progreso: 11500/25051 (45.9%) - Insertados: 10114, Actualizados: 1386
2026-02-12 23:52:30,989 - INFO - Progreso: 11600/25051 (46.3%) - Insertados: 10193, Actualizados: 1407
2026-02-12 23:52:45,566 - INFO - Progreso: 11700/25051 (46.7%) - Insertados: 10293, Actualizados: 1407
2026-02-12 23:53:00,165 - INFO - Progreso: 11800/25051 (47.1%) - Insertados: 10393, Actualizados: 1407
2026-02-12 23:53:14,777 - INFO - Progreso: 11900/25051 (47.5%) - Insertados: 10493, Actualizados: 1407
2026-02-12 23:53:29,363 - INFO - Progreso: 12000/25051 (47.9%) - Insertados: 10593, Actualizados: 1407
2026-02-12 23:53:44,107 - INFO - Progreso: 12100/25051 (48.3%) - Insertados: 10693, Actualizados: 1407
2026-02-12 23:53:58,830 - INFO - Progreso: 12200/25051 (48.7%) - Insertados: 10793, Actualizados: 1407
2026-02-12 23:54:13,591 - INFO - Progreso: 12300/25051 (49.1%) - Insertados: 10852, Actualizados: 1448
2026-02-12 23:54:28,344 - INFO - Progreso: 12400/25051 (49.5%) - Insertados: 10904, Actualizados: 1496
2026-02-12 23:54:42,968 - INFO - Progreso: 12500/25051 (49.9%) - Insertados: 10980, Actualizados: 1520
2026-02-12 23:54:57,896 - INFO - Progreso: 12600/25051 (50.3%) - Insertados: 11008, Actualizados: 1592
2026-02-12 23:55:12,757 - INFO - Progreso: 12700/25051 (50.7%) - Insertados: 11063, Actualizados: 1637
2026-02-12 23:55:27,334 - INFO - Progreso: 12800/25051 (51.1%) - Insertados: 11161, Actualizados: 1639
2026-02-12 23:55:42,015 - INFO - Progreso: 12900/25051 (51.5%) - Insertados: 11261, Actualizados: 1639
2026-02-12 23:55:56,836 - INFO - Progreso: 13000/25051 (51.9%) - Insertados: 11323, Actualizados: 1677
2026-02-12 23:56:11,728 - INFO - Progreso: 13100/25051 (52.3%) - Insertados: 11376, Actualizados: 1724
2026-02-12 23:56:26,439 - INFO - Progreso: 13200/25051 (52.7%) - Insertados: 11476, Actualizados: 1724
2026-02-12 23:56:41,376 - INFO - Progreso: 13300/25051 (53.1%) - Insertados: 11576, Actualizados: 1724
2026-02-12 23:56:56,003 - INFO - Progreso: 13400/25051 (53.5%) - Insertados: 11676, Actualizados: 1724
2026-02-12 23:57:10,745 - INFO - Progreso: 13500/25051 (53.9%) - Insertados: 11776, Actualizados: 1724
2026-02-12 23:57:25,439 - INFO - Progreso: 13600/25051 (54.3%) - Insertados: 11871, Actualizados: 1729
2026-02-12 23:57:40,059 - INFO - Progreso: 13700/25051 (54.7%) - Insertados: 11954, Actualizados: 1746
2026-02-12 23:57:54,655 - INFO - Progreso: 13800/25051 (55.1%) - Insertados: 12054, Actualizados: 1746
2026-02-12 23:58:09,311 - INFO - Progreso: 13900/25051 (55.5%) - Insertados: 12154, Actualizados: 1746
2026-02-12 23:58:24,032 - INFO - Progreso: 14000/25051 (55.9%) - Insertados: 12254, Actualizados: 1746
2026-02-12 23:58:38,852 - INFO - Progreso: 14100/25051 (56.3%) - Insertados: 12354, Actualizados: 1746
2026-02-12 23:58:53,567 - INFO - Progreso: 14200/25051 (56.7%) - Insertados: 12454, Actualizados: 1746
2026-02-12 23:59:08,162 - INFO - Progreso: 14300/25051 (57.1%) - Insertados: 12554, Actualizados: 1746
2026-02-12 23:59:22,832 - INFO - Progreso: 14400/25051 (57.5%) - Insertados: 12654, Actualizados: 1746
2026-02-12 23:59:37,508 - INFO - Progreso: 14500/25051 (57.9%) - Insertados: 12754, Actualizados: 1746
2026-02-12 23:59:52,170 - INFO - Progreso: 14600/25051 (58.3%) - Insertados: 12854, Actualizados: 1746
2026-02-13 00:00:06,895 - INFO - Progreso: 14700/25051 (58.7%) - Insertados: 12954, Actualizados: 1746
2026-02-13 00:00:21,720 - INFO - Progreso: 14800/25051 (59.1%) - Insertados: 13054, Actualizados: 1746
2026-02-13 00:00:36,391 - INFO - Progreso: 14900/25051 (59.5%) - Insertados: 13144, Actualizados: 1756
2026-02-13 00:00:51,139 - INFO - Progreso: 15000/25051 (59.9%) - Insertados: 13244, Actualizados: 1756
2026-02-13 00:01:05,923 - INFO - Progreso: 15100/25051 (60.3%) - Insertados: 13344, Actualizados: 1756
2026-02-13 00:01:20,578 - INFO - Progreso: 15200/25051 (60.7%) - Insertados: 13444, Actualizados: 1756
2026-02-13 00:01:35,322 - INFO - Progreso: 15300/25051 (61.1%) - Insertados: 13544, Actualizados: 1756
2026-02-13 00:01:50,039 - INFO - Progreso: 15400/25051 (61.5%) - Insertados: 13644, Actualizados: 1756
2026-02-13 00:02:04,961 - INFO - Progreso: 15500/25051 (61.9%) - Insertados: 13744, Actualizados: 1756
2026-02-13 00:02:19,669 - INFO - Progreso: 15600/25051 (62.3%) - Insertados: 13844, Actualizados: 1756
2026-02-13 00:02:41,879 - INFO - Progreso: 15700/25051 (62.7%) - Insertados: 13922, Actualizados: 1778
2026-02-13 00:02:56,672 - INFO - Progreso: 15800/25051 (63.1%) - Insertados: 13981, Actualizados: 1819
2026-02-13 00:03:11,398 - INFO - Progreso: 15900/25051 (63.5%) - Insertados: 14081, Actualizados: 1819
2026-02-13 00:03:26,199 - INFO - Progreso: 16000/25051 (63.9%) - Insertados: 14181, Actualizados: 1819
2026-02-13 00:03:41,002 - INFO - Progreso: 16100/25051 (64.3%) - Insertados: 14281, Actualizados: 1819
2026-02-13 00:03:55,612 - INFO - Progreso: 16200/25051 (64.7%) - Insertados: 14381, Actualizados: 1819
2026-02-13 00:04:10,600 - INFO - Progreso: 16300/25051 (65.1%) - Insertados: 14414, Actualizados: 1886
2026-02-13 00:04:25,337 - INFO - Progreso: 16400/25051 (65.5%) - Insertados: 14478, Actualizados: 1922
2026-02-13 00:04:40,271 - INFO - Progreso: 16500/25051 (65.9%) - Insertados: 14518, Actualizados: 1982
2026-02-13 00:04:54,894 - INFO - Progreso: 16600/25051 (66.3%) - Insertados: 14613, Actualizados: 1987
2026-02-13 00:05:09,494 - INFO - Progreso: 16700/25051 (66.7%) - Insertados: 14713, Actualizados: 1987
2026-02-13 00:05:24,117 - INFO - Progreso: 16800/25051 (67.1%) - Insertados: 14813, Actualizados: 1987
2026-02-13 00:05:38,723 - INFO - Progreso: 16900/25051 (67.5%) - Insertados: 14913, Actualizados: 1987
2026-02-13 00:05:53,360 - INFO - Progreso: 17000/25051 (67.9%) - Insertados: 15013, Actualizados: 1987
2026-02-13 00:06:08,245 - INFO - Progreso: 17100/25051 (68.3%) - Insertados: 15052, Actualizados: 2048
2026-02-13 00:06:23,338 - INFO - Progreso: 17200/25051 (68.7%) - Insertados: 15072, Actualizados: 2128
2026-02-13 00:06:38,401 - INFO - Progreso: 17300/25051 (69.1%) - Insertados: 15094, Actualizados: 2206
2026-02-13 00:06:53,273 - INFO - Progreso: 17400/25051 (69.5%) - Insertados: 15154, Actualizados: 2246
2026-02-13 00:07:07,908 - INFO - Progreso: 17500/25051 (69.9%) - Insertados: 15254, Actualizados: 2246
2026-02-13 00:07:22,573 - INFO - Progreso: 17600/25051 (70.3%) - Insertados: 15354, Actualizados: 2246
2026-02-13 00:07:37,271 - INFO - Progreso: 17700/25051 (70.7%) - Insertados: 15454, Actualizados: 2246
2026-02-13 00:07:52,048 - INFO - Progreso: 17800/25051 (71.1%) - Insertados: 15554, Actualizados: 2246
2026-02-13 00:08:06,854 - INFO - Progreso: 17900/25051 (71.5%) - Insertados: 15654, Actualizados: 2246
2026-02-13 00:08:21,680 - INFO - Progreso: 18000/25051 (71.9%) - Insertados: 15754, Actualizados: 2246
2026-02-13 00:08:36,272 - INFO - Progreso: 18100/25051 (72.3%) - Insertados: 15849, Actualizados: 2251
2026-02-13 00:08:51,310 - INFO - Progreso: 18200/25051 (72.7%) - Insertados: 15867, Actualizados: 2333
2026-02-13 00:09:05,844 - INFO - Progreso: 18300/25051 (73.1%) - Insertados: 15967, Actualizados: 2333
2026-02-13 00:09:21,037 - INFO - Progreso: 18400/25051 (73.5%) - Insertados: 15984, Actualizados: 2416
2026-02-13 00:09:35,962 - INFO - Progreso: 18500/25051 (73.8%) - Insertados: 16028, Actualizados: 2472
2026-02-13 00:09:50,766 - INFO - Progreso: 18600/25051 (74.2%) - Insertados: 16108, Actualizados: 2492
2026-02-13 00:10:05,498 - INFO - Progreso: 18700/25051 (74.6%) - Insertados: 16208, Actualizados: 2492
2026-02-13 00:10:20,249 - INFO - Progreso: 18800/25051 (75.0%) - Insertados: 16301, Actualizados: 2499
2026-02-13 00:10:35,383 - INFO - Progreso: 18900/25051 (75.4%) - Insertados: 16323, Actualizados: 2577
2026-02-13 00:10:50,211 - INFO - Progreso: 19000/25051 (75.8%) - Insertados: 16423, Actualizados: 2577
2026-02-13 00:11:04,881 - INFO - Progreso: 19100/25051 (76.2%) - Insertados: 16523, Actualizados: 2577
2026-02-13 00:11:19,536 - INFO - Progreso: 19200/25051 (76.6%) - Insertados: 16623, Actualizados: 2577
2026-02-13 00:11:34,237 - INFO - Progreso: 19300/25051 (77.0%) - Insertados: 16723, Actualizados: 2577
2026-02-13 00:11:49,045 - INFO - Progreso: 19400/25051 (77.4%) - Insertados: 16823, Actualizados: 2577
2026-02-13 00:12:03,773 - INFO - Progreso: 19500/25051 (77.8%) - Insertados: 16923, Actualizados: 2577
2026-02-13 00:12:18,472 - INFO - Progreso: 19600/25051 (78.2%) - Insertados: 17006, Actualizados: 2594
2026-02-13 00:12:33,069 - INFO - Progreso: 19700/25051 (78.6%) - Insertados: 17106, Actualizados: 2594
2026-02-13 00:12:47,751 - INFO - Progreso: 19800/25051 (79.0%) - Insertados: 17206, Actualizados: 2594
2026-02-13 00:13:02,636 - INFO - Progreso: 19900/25051 (79.4%) - Insertados: 17306, Actualizados: 2594
2026-02-13 00:13:17,460 - INFO - Progreso: 20000/25051 (79.8%) - Insertados: 17406, Actualizados: 2594
2026-02-13 00:13:32,169 - INFO - Progreso: 20100/25051 (80.2%) - Insertados: 17506, Actualizados: 2594
2026-02-13 00:13:46,899 - INFO - Progreso: 20200/25051 (80.6%) - Insertados: 17606, Actualizados: 2594
2026-02-13 00:14:01,638 - INFO - Progreso: 20300/25051 (81.0%) - Insertados: 17706, Actualizados: 2594
2026-02-13 00:14:16,359 - INFO - Progreso: 20400/25051 (81.4%) - Insertados: 17806, Actualizados: 2594
2026-02-13 00:14:31,054 - INFO - Progreso: 20500/25051 (81.8%) - Insertados: 17906, Actualizados: 2594
2026-02-13 00:14:45,955 - INFO - Progreso: 20600/25051 (82.2%) - Insertados: 18006, Actualizados: 2594
2026-02-13 00:15:00,665 - INFO - Progreso: 20700/25051 (82.6%) - Insertados: 18100, Actualizados: 2600
2026-02-13 00:15:15,402 - INFO - Progreso: 20800/25051 (83.0%) - Insertados: 18181, Actualizados: 2619
2026-02-13 00:15:30,173 - INFO - Progreso: 20900/25051 (83.4%) - Insertados: 18281, Actualizados: 2619
2026-02-13 00:15:44,923 - INFO - Progreso: 21000/25051 (83.8%) - Insertados: 18381, Actualizados: 2619
2026-02-13 00:15:59,668 - INFO - Progreso: 21100/25051 (84.2%) - Insertados: 18481, Actualizados: 2619
2026-02-13 00:16:14,371 - INFO - Progreso: 21200/25051 (84.6%) - Insertados: 18581, Actualizados: 2619
2026-02-13 00:16:29,131 - INFO - Progreso: 21300/25051 (85.0%) - Insertados: 18681, Actualizados: 2619
2026-02-13 00:16:43,852 - INFO - Progreso: 21400/25051 (85.4%) - Insertados: 18781, Actualizados: 2619
2026-02-13 00:16:58,671 - INFO - Progreso: 21500/25051 (85.8%) - Insertados: 18855, Actualizados: 2645
2026-02-13 00:17:13,553 - INFO - Progreso: 21600/25051 (86.2%) - Insertados: 18910, Actualizados: 2690
2026-02-13 00:17:28,245 - INFO - Progreso: 21700/25051 (86.6%) - Insertados: 19010, Actualizados: 2690
2026-02-13 00:17:42,936 - INFO - Progreso: 21800/25051 (87.0%) - Insertados: 19110, Actualizados: 2690
2026-02-13 00:17:57,686 - INFO - Progreso: 21900/25051 (87.4%) - Insertados: 19210, Actualizados: 2690
2026-02-13 00:18:12,437 - INFO - Progreso: 22000/25051 (87.8%) - Insertados: 19296, Actualizados: 2704
2026-02-13 00:18:27,403 - INFO - Progreso: 22100/25051 (88.2%) - Insertados: 19344, Actualizados: 2756
2026-02-13 00:18:42,358 - INFO - Progreso: 22200/25051 (88.6%) - Insertados: 19390, Actualizados: 2810
2026-02-13 00:18:57,254 - INFO - Progreso: 22300/25051 (89.0%) - Insertados: 19455, Actualizados: 2845
2026-02-13 00:19:11,876 - INFO - Progreso: 22400/25051 (89.4%) - Insertados: 19555, Actualizados: 2845
2026-02-13 00:19:26,520 - INFO - Progreso: 22500/25051 (89.8%) - Insertados: 19655, Actualizados: 2845
2026-02-13 00:19:41,209 - INFO - Progreso: 22600/25051 (90.2%) - Insertados: 19755, Actualizados: 2845
2026-02-13 00:19:55,920 - INFO - Progreso: 22700/25051 (90.6%) - Insertados: 19855, Actualizados: 2845
2026-02-13 00:20:10,673 - INFO - Progreso: 22800/25051 (91.0%) - Insertados: 19955, Actualizados: 2845
2026-02-13 00:20:25,544 - INFO - Progreso: 22900/25051 (91.4%) - Insertados: 20032, Actualizados: 2868
2026-02-13 00:20:40,867 - INFO - Progreso: 23000/25051 (91.8%) - Insertados: 20032, Actualizados: 2968
2026-02-13 00:20:56,030 - INFO - Progreso: 23100/25051 (92.2%) - Insertados: 20061, Actualizados: 3039
2026-02-13 00:21:11,233 - INFO - Progreso: 23200/25051 (92.6%) - Insertados: 20090, Actualizados: 3110
2026-02-13 00:21:26,212 - INFO - Progreso: 23300/25051 (93.0%) - Insertados: 20147, Actualizados: 3153
2026-02-13 00:21:40,878 - INFO - Progreso: 23400/25051 (93.4%) - Insertados: 20246, Actualizados: 3154
2026-02-13 00:21:55,542 - INFO - Progreso: 23500/25051 (93.8%) - Insertados: 20346, Actualizados: 3154
2026-02-13 00:22:10,216 - INFO - Progreso: 23600/25051 (94.2%) - Insertados: 20446, Actualizados: 3154
2026-02-13 00:22:25,136 - INFO - Progreso: 23700/25051 (94.6%) - Insertados: 20510, Actualizados: 3190
2026-02-13 00:22:39,889 - INFO - Progreso: 23800/25051 (95.0%) - Insertados: 20610, Actualizados: 3190
2026-02-13 00:22:54,572 - INFO - Progreso: 23900/25051 (95.4%) - Insertados: 20710, Actualizados: 3190
2026-02-13 00:23:09,676 - INFO - Progreso: 24000/25051 (95.8%) - Insertados: 20753, Actualizados: 3247
2026-02-13 00:23:24,216 - INFO - Progreso: 24100/25051 (96.2%) - Insertados: 20853, Actualizados: 3247
2026-02-13 00:23:39,377 - INFO - Progreso: 24200/25051 (96.6%) - Insertados: 20884, Actualizados: 3316
2026-02-13 00:23:54,456 - INFO - Progreso: 24300/25051 (97.0%) - Insertados: 20926, Actualizados: 3374
2026-02-13 00:24:09,156 - INFO - Progreso: 24400/25051 (97.4%) - Insertados: 21014, Actualizados: 3386
2026-02-13 00:24:23,841 - INFO - Progreso: 24500/25051 (97.8%) - Insertados: 21114, Actualizados: 3386
2026-02-13 00:24:38,589 - INFO - Progreso: 24600/25051 (98.2%) - Insertados: 21205, Actualizados: 3395
2026-02-13 00:24:53,575 - INFO - Progreso: 24700/25051 (98.6%) - Insertados: 21265, Actualizados: 3435
2026-02-13 00:25:08,256 - INFO - Progreso: 24800/25051 (99.0%) - Insertados: 21365, Actualizados: 3435
2026-02-13 00:25:22,949 - INFO - Progreso: 24900/25051 (99.4%) - Insertados: 21457, Actualizados: 3443
2026-02-13 00:25:37,550 - INFO - Progreso: 25000/25051 (99.8%) - Insertados: 21557, Actualizados: 3443
2026-02-13 00:25:45,035 - INFO - 
================================================================================
2026-02-13 00:25:45,035 - INFO - RESUMEN DE IMPORTACIÓN DE PRECIOS
2026-02-13 00:25:45,036 - INFO - ================================================================================
2026-02-13 00:25:45,036 - INFO - Archivo procesado: ITM1.xlsx
2026-02-13 00:25:45,036 - INFO - Total registros en Excel: 25051
2026-02-13 00:25:45,037 - INFO - Nuevos insertados: 21608
2026-02-13 00:25:45,037 - INFO - Actualizados: 3443
2026-02-13 00:25:45,037 - INFO - Errores: 0
2026-02-13 00:25:45,037 - INFO - Procesados exitosamente: 25051
2026-02-13 00:25:45,037 - INFO - Tasa de éxito: 100.00%
2026-02-13 00:25:45,039 - INFO - Tiempo total: 3711.10 segundos
2026-02-13 00:25:45,039 - INFO - Velocidad: 6.75 registros/segundo
2026-02-13 00:25:45,039 - INFO - 
Archivos de log generados:
2026-02-13 00:25:45,040 - INFO -   - Log general: importacion_precios_20260212_232353.log
2026-02-13 00:25:45,040 - INFO -   - Log de errores: errores_precios_20260212_232353.log
2026-02-13 00:25:45,040 - INFO - ================================================================================
2026-02-13 00:25:45,040 - INFO - ✓ Proceso completado sin errores
2026-02-13 00:25:45,176 - INFO - ✓ Conexión cerrada
