2026-02-12 19:47:16,475 - INFO - ================================================================================
2026-02-12 19:47:16,476 - INFO - INICIANDO PROCESO DE IMPORTACIÓN
2026-02-12 19:47:16,476 - INFO - ================================================================================
2026-02-12 19:47:16,477 - INFO - Buscando archivo Excel...
2026-02-12 19:47:16,478 - INFO - Directorio del script: C:\Convertidor\SAP OITM
2026-02-12 19:47:16,481 - INFO - Archivos Excel encontrados: OITM.xlsx
2026-02-12 19:47:16,482 - INFO - Leyendo archivo: C:\Convertidor\SAP OITM\OITM.xlsx
2026-02-12 19:47:20,554 - INFO - Registros encontrados: 9906
2026-02-12 19:47:20,563 - INFO - ✓ Columna DateUpdate omitida del Excel
2026-02-12 19:47:20,563 - INFO - Conectando a SQL Server...
2026-02-12 19:47:21,427 - INFO - ✓ Conexión establecida exitosamente
2026-02-12 19:47:21,496 - INFO - Iniciando procesamiento de 9906 registros...
2026-02-12 19:47:21,497 - INFO - Usando fecha/hora actual para DateUpdate: 2026-02-12 19:47:21.497178
2026-02-12 19:47:46,873 - INFO - Progreso: 100/9906 (1.0%) - Insertados: 0, Actualizados: 100
2026-02-12 19:48:15,015 - INFO - Progreso: 200/9906 (2.0%) - Insertados: 0, Actualizados: 200
2026-02-12 19:48:41,648 - INFO - Progreso: 300/9906 (3.0%) - Insertados: 0, Actualizados: 300
2026-02-12 19:49:07,298 - INFO - Progreso: 400/9906 (4.0%) - Insertados: 0, Actualizados: 400
2026-02-12 19:49:32,686 - INFO - Progreso: 500/9906 (5.0%) - Insertados: 0, Actualizados: 500
2026-02-12 19:49:59,060 - INFO - Progreso: 600/9906 (6.1%) - Insertados: 0, Actualizados: 600
2026-02-12 19:50:25,417 - INFO - Progreso: 700/9906 (7.1%) - Insertados: 0, Actualizados: 700
2026-02-12 19:50:51,633 - INFO - Progreso: 800/9906 (8.1%) - Insertados: 0, Actualizados: 800
2026-02-12 19:51:18,279 - INFO - Progreso: 900/9906 (9.1%) - Insertados: 0, Actualizados: 900
2026-02-12 19:51:44,284 - INFO - Progreso: 1000/9906 (10.1%) - Insertados: 0, Actualizados: 1000
2026-02-12 19:52:10,488 - INFO - Progreso: 1100/9906 (11.1%) - Insertados: 0, Actualizados: 1100
2026-02-12 19:52:36,275 - INFO - Progreso: 1200/9906 (12.1%) - Insertados: 0, Actualizados: 1200
2026-02-12 19:53:02,329 - INFO - Progreso: 1300/9906 (13.1%) - Insertados: 0, Actualizados: 1300
2026-02-12 19:53:28,049 - INFO - Progreso: 1400/9906 (14.1%) - Insertados: 0, Actualizados: 1400
2026-02-12 19:53:54,282 - INFO - Progreso: 1500/9906 (15.1%) - Insertados: 0, Actualizados: 1500
2026-02-12 19:54:20,474 - INFO - Progreso: 1600/9906 (16.2%) - Insertados: 0, Actualizados: 1600
2026-02-12 19:54:46,401 - INFO - Progreso: 1700/9906 (17.2%) - Insertados: 0, Actualizados: 1700
2026-02-12 19:55:13,035 - INFO - Progreso: 1800/9906 (18.2%) - Insertados: 0, Actualizados: 1800
2026-02-12 19:55:40,119 - INFO - Progreso: 1900/9906 (19.2%) - Insertados: 0, Actualizados: 1900
2026-02-12 19:56:07,834 - INFO - Progreso: 2000/9906 (20.2%) - Insertados: 0, Actualizados: 2000
2026-02-12 19:56:34,095 - INFO - Progreso: 2100/9906 (21.2%) - Insertados: 0, Actualizados: 2100
2026-02-12 19:57:00,573 - INFO - Progreso: 2200/9906 (22.2%) - Insertados: 0, Actualizados: 2200
2026-02-12 19:57:27,862 - INFO - Progreso: 2300/9906 (23.2%) - Insertados: 0, Actualizados: 2300
2026-02-12 19:57:54,075 - INFO - Progreso: 2400/9906 (24.2%) - Insertados: 0, Actualizados: 2400
2026-02-12 19:58:19,844 - INFO - Progreso: 2500/9906 (25.2%) - Insertados: 0, Actualizados: 2500
2026-02-12 19:58:46,002 - INFO - Progreso: 2600/9906 (26.2%) - Insertados: 0, Actualizados: 2600
2026-02-12 19:59:12,623 - INFO - Progreso: 2700/9906 (27.3%) - Insertados: 0, Actualizados: 2700
2026-02-12 19:59:38,639 - INFO - Progreso: 2800/9906 (28.3%) - Insertados: 0, Actualizados: 2800
2026-02-12 20:00:04,920 - INFO - Progreso: 2900/9906 (29.3%) - Insertados: 0, Actualizados: 2900
2026-02-12 20:00:31,890 - INFO - Progreso: 3000/9906 (30.3%) - Insertados: 0, Actualizados: 3000
2026-02-12 20:01:05,993 - INFO - Progreso: 3100/9906 (31.3%) - Insertados: 0, Actualizados: 3100
2026-02-12 20:01:32,896 - INFO - Progreso: 3200/9906 (32.3%) - Insertados: 0, Actualizados: 3200
2026-02-12 20:01:59,015 - INFO - Progreso: 3300/9906 (33.3%) - Insertados: 0, Actualizados: 3300
2026-02-12 20:02:26,841 - INFO - Progreso: 3400/9906 (34.3%) - Insertados: 0, Actualizados: 3400
2026-02-12 20:02:54,313 - INFO - Progreso: 3500/9906 (35.3%) - Insertados: 0, Actualizados: 3500
2026-02-12 20:03:22,578 - INFO - Progreso: 3600/9906 (36.3%) - Insertados: 0, Actualizados: 3600
2026-02-12 20:03:50,732 - INFO - Progreso: 3700/9906 (37.4%) - Insertados: 0, Actualizados: 3700
2026-02-12 20:04:18,404 - INFO - Progreso: 3800/9906 (38.4%) - Insertados: 0, Actualizados: 3800
2026-02-12 20:04:46,315 - INFO - Progreso: 3900/9906 (39.4%) - Insertados: 0, Actualizados: 3900
2026-02-12 20:05:13,750 - INFO - Progreso: 4000/9906 (40.4%) - Insertados: 0, Actualizados: 4000
2026-02-12 20:05:40,615 - INFO - Progreso: 4100/9906 (41.4%) - Insertados: 0, Actualizados: 4100
2026-02-12 20:06:07,656 - INFO - Progreso: 4200/9906 (42.4%) - Insertados: 0, Actualizados: 4200
2026-02-12 20:06:34,611 - INFO - Progreso: 4300/9906 (43.4%) - Insertados: 0, Actualizados: 4300
2026-02-12 20:07:01,427 - INFO - Progreso: 4400/9906 (44.4%) - Insertados: 0, Actualizados: 4400
2026-02-12 20:07:28,784 - INFO - Progreso: 4500/9906 (45.4%) - Insertados: 0, Actualizados: 4500
2026-02-12 20:07:56,308 - INFO - Progreso: 4600/9906 (46.4%) - Insertados: 0, Actualizados: 4600
2026-02-12 20:08:24,376 - INFO - Progreso: 4700/9906 (47.4%) - Insertados: 0, Actualizados: 4700
2026-02-12 20:08:52,260 - INFO - Progreso: 4800/9906 (48.5%) - Insertados: 0, Actualizados: 4800
2026-02-12 20:09:27,433 - INFO - Progreso: 4900/9906 (49.5%) - Insertados: 0, Actualizados: 4900
2026-02-12 20:09:57,926 - INFO - Progreso: 5000/9906 (50.5%) - Insertados: 0, Actualizados: 5000
2026-02-12 20:10:25,741 - INFO - Progreso: 5100/9906 (51.5%) - Insertados: 0, Actualizados: 5100
2026-02-12 20:10:53,237 - INFO - Progreso: 5200/9906 (52.5%) - Insertados: 0, Actualizados: 5200
2026-02-12 20:11:20,470 - INFO - Progreso: 5300/9906 (53.5%) - Insertados: 0, Actualizados: 5300
2026-02-12 20:11:48,655 - INFO - Progreso: 5400/9906 (54.5%) - Insertados: 0, Actualizados: 5400
2026-02-12 20:12:16,990 - INFO - Progreso: 5500/9906 (55.5%) - Insertados: 0, Actualizados: 5500
2026-02-12 20:12:45,240 - INFO - Progreso: 5600/9906 (56.5%) - Insertados: 0, Actualizados: 5600
2026-02-12 20:13:13,854 - INFO - Progreso: 5700/9906 (57.5%) - Insertados: 0, Actualizados: 5700
2026-02-12 20:13:41,249 - INFO - Progreso: 5800/9906 (58.6%) - Insertados: 0, Actualizados: 5800
2026-02-12 20:14:09,009 - INFO - Progreso: 5900/9906 (59.6%) - Insertados: 0, Actualizados: 5900
2026-02-12 20:14:36,286 - INFO - Progreso: 6000/9906 (60.6%) - Insertados: 0, Actualizados: 6000
2026-02-12 20:15:03,966 - INFO - Progreso: 6100/9906 (61.6%) - Insertados: 0, Actualizados: 6100
2026-02-12 20:15:31,355 - INFO - Progreso: 6200/9906 (62.6%) - Insertados: 0, Actualizados: 6200
2026-02-12 20:15:58,133 - INFO - Progreso: 6300/9906 (63.6%) - Insertados: 0, Actualizados: 6300
2026-02-12 20:16:25,302 - INFO - Progreso: 6400/9906 (64.6%) - Insertados: 0, Actualizados: 6400
2026-02-12 20:16:52,343 - INFO - Progreso: 6500/9906 (65.6%) - Insertados: 0, Actualizados: 6500
2026-02-12 20:17:19,564 - INFO - Progreso: 6600/9906 (66.6%) - Insertados: 0, Actualizados: 6600
2026-02-12 20:17:47,104 - INFO - Progreso: 6700/9906 (67.6%) - Insertados: 0, Actualizados: 6700
2026-02-12 20:18:15,170 - INFO - Progreso: 6800/9906 (68.6%) - Insertados: 0, Actualizados: 6800
2026-02-12 20:18:43,593 - INFO - Progreso: 6900/9906 (69.7%) - Insertados: 0, Actualizados: 6900
2026-02-12 20:19:12,773 - INFO - Progreso: 7000/9906 (70.7%) - Insertados: 0, Actualizados: 7000
2026-02-12 20:19:40,073 - INFO - Progreso: 7100/9906 (71.7%) - Insertados: 6, Actualizados: 7094
2026-02-12 20:20:07,591 - INFO - Progreso: 7200/9906 (72.7%) - Insertados: 9, Actualizados: 7191
2026-02-12 20:20:35,708 - INFO - Progreso: 7300/9906 (73.7%) - Insertados: 12, Actualizados: 7288
2026-02-12 20:21:03,751 - INFO - Progreso: 7400/9906 (74.7%) - Insertados: 19, Actualizados: 7381
2026-02-12 20:21:31,507 - INFO - Progreso: 7500/9906 (75.7%) - Insertados: 30, Actualizados: 7470
2026-02-12 20:22:00,191 - INFO - Progreso: 7600/9906 (76.7%) - Insertados: 44, Actualizados: 7556
2026-02-12 20:22:28,211 - INFO - Progreso: 7700/9906 (77.7%) - Insertados: 52, Actualizados: 7648
2026-02-12 20:22:55,932 - INFO - Progreso: 7800/9906 (78.7%) - Insertados: 65, Actualizados: 7735
2026-02-12 20:23:23,431 - INFO - Progreso: 7900/9906 (79.7%) - Insertados: 65, Actualizados: 7835
2026-02-12 20:23:50,928 - INFO - Progreso: 8000/9906 (80.8%) - Insertados: 66, Actualizados: 7934
2026-02-12 20:24:17,164 - INFO - Progreso: 8100/9906 (81.8%) - Insertados: 72, Actualizados: 8028
2026-02-12 20:24:44,063 - INFO - Progreso: 8200/9906 (82.8%) - Insertados: 72, Actualizados: 8128
2026-02-12 20:25:10,537 - INFO - Progreso: 8300/9906 (83.8%) - Insertados: 72, Actualizados: 8228
2026-02-12 20:25:37,794 - INFO - Progreso: 8400/9906 (84.8%) - Insertados: 84, Actualizados: 8316
2026-02-12 20:26:05,692 - INFO - Progreso: 8500/9906 (85.8%) - Insertados: 86, Actualizados: 8414
2026-02-12 20:26:33,150 - INFO - Progreso: 8600/9906 (86.8%) - Insertados: 94, Actualizados: 8506
2026-02-12 20:27:02,164 - INFO - Progreso: 8700/9906 (87.8%) - Insertados: 100, Actualizados: 8600
2026-02-12 20:27:30,750 - INFO - Progreso: 8800/9906 (88.8%) - Insertados: 115, Actualizados: 8685
2026-02-12 20:27:59,143 - INFO - Progreso: 8900/9906 (89.8%) - Insertados: 123, Actualizados: 8777
2026-02-12 20:28:27,919 - INFO - Progreso: 9000/9906 (90.9%) - Insertados: 135, Actualizados: 8865
2026-02-12 20:28:57,161 - INFO - Progreso: 9100/9906 (91.9%) - Insertados: 152, Actualizados: 8948
2026-02-12 20:29:32,586 - INFO - Progreso: 9200/9906 (92.9%) - Insertados: 157, Actualizados: 9043
2026-02-12 20:30:00,049 - INFO - Progreso: 9300/9906 (93.9%) - Insertados: 176, Actualizados: 9124
2026-02-12 20:30:28,733 - INFO - Progreso: 9400/9906 (94.9%) - Insertados: 190, Actualizados: 9210
2026-02-12 20:31:04,409 - INFO - Progreso: 9500/9906 (95.9%) - Insertados: 194, Actualizados: 9306
2026-02-12 20:31:32,594 - INFO - Progreso: 9600/9906 (96.9%) - Insertados: 202, Actualizados: 9398
2026-02-12 20:32:00,337 - INFO - Progreso: 9700/9906 (97.9%) - Insertados: 205, Actualizados: 9495
2026-02-12 20:32:28,762 - INFO - Progreso: 9800/9906 (98.9%) - Insertados: 205, Actualizados: 9595
2026-02-12 20:32:56,758 - INFO - Progreso: 9900/9906 (99.9%) - Insertados: 205, Actualizados: 9695
2026-02-12 20:32:58,537 - INFO - 
================================================================================
2026-02-12 20:32:58,538 - INFO - RESUMEN DE IMPORTACIÓN
2026-02-12 20:32:58,538 - INFO - ================================================================================
2026-02-12 20:32:58,539 - INFO - Archivo procesado: OITM.xlsx
2026-02-12 20:32:58,539 - INFO - Total registros en Excel: 9906
2026-02-12 20:32:58,540 - INFO - Nuevos insertados: 205
2026-02-12 20:32:58,540 - INFO - Actualizados: 9701
2026-02-12 20:32:58,540 - INFO - Errores: 0
2026-02-12 20:32:58,541 - INFO - Procesados exitosamente: 9906
2026-02-12 20:32:58,541 - INFO - Tasa de éxito: 100.00%
2026-02-12 20:32:58,541 - INFO - Tiempo total: 2742.06 segundos
2026-02-12 20:32:58,542 - INFO - Velocidad: 3.61 registros/segundo
2026-02-12 20:32:58,542 - INFO - 
Archivos de log generados:
2026-02-12 20:32:58,542 - INFO -   - Log general: importacion_20260212_194716.log
2026-02-12 20:32:58,542 - INFO -   - Log de errores: errores_20260212_194716.log
2026-02-12 20:32:58,543 - INFO - ================================================================================
2026-02-12 20:32:58,543 - INFO - ✓ Proceso completado sin errores
2026-02-12 20:32:58,678 - INFO - ✓ Conexión cerrada
