2026-02-21 08:32:10,239 - INFO - ================================================================================
2026-02-21 08:32:10,240 - INFO - INICIANDO PROCESO DE IMPORTACIÓN CRD1 (DIRECCIONES DE CLIENTES)
2026-02-21 08:32:10,241 - INFO - ================================================================================
2026-02-21 08:32:10,245 - INFO - Buscando archivo Excel...
2026-02-21 08:32:10,245 - INFO - Directorio del script: C:\Convertidor\SAP_CRD1
2026-02-21 08:32:10,250 - INFO - Archivos Excel encontrados: CRD1.xlsx
2026-02-21 08:32:10,252 - INFO - Leyendo archivo: C:\Convertidor\SAP_CRD1\CRD1.xlsx
2026-02-21 08:32:52,344 - INFO - Registros encontrados: 273345
2026-02-21 08:32:52,344 - INFO - Columnas: Address, CardCode, AdresType, U_BO_Name, U_BO_LastName, U_BO_Cellolar, Street, Block, State, City, County, Status_Integration, Status_Comments, CreationDate
2026-02-21 08:32:53,097 - WARNING -   5 valores en 'CreationDate' no pudieron parsearse y se insertaran como NULL
2026-02-21 08:32:53,097 - INFO - Conectando a SQL Server...
2026-02-21 08:32:53,975 - INFO - ✓ Conexión establecida exitosamente
2026-02-21 08:32:54,041 - INFO - Procesando 273345 registros...
2026-02-21 08:33:22,073 - INFO - Progreso: 100/273345 (0.0%) - Insertados: 0, Actualizados: 100
2026-02-21 08:33:49,611 - INFO - Progreso: 200/273345 (0.1%) - Insertados: 0, Actualizados: 200
2026-02-21 08:34:17,030 - INFO - Progreso: 300/273345 (0.1%) - Insertados: 0, Actualizados: 300
2026-02-21 08:34:44,402 - INFO - Progreso: 400/273345 (0.1%) - Insertados: 0, Actualizados: 400
2026-02-21 08:35:12,247 - INFO - Progreso: 500/273345 (0.2%) - Insertados: 0, Actualizados: 500
2026-02-21 08:35:39,581 - INFO - Progreso: 600/273345 (0.2%) - Insertados: 0, Actualizados: 600
2026-02-21 08:36:07,105 - INFO - Progreso: 700/273345 (0.3%) - Insertados: 0, Actualizados: 700
